New log file opened at Sun Mar 13 20:25:26 CET 2016 by 8414@pkpc
Sending msg to client activator-d0494295-bcca-46a9-9537-1e37ea21e615: DetachedLogEvent(LogMessage(debug,sbt client logs are in: /home/pk/IdeaProjects/websocket-akka/.sbtserver/connections/activator-d0494295-bcca-46a9-9537-1e37ea21e615.log))
Sending msg to client activator-d0494295-bcca-46a9-9537-1e37ea21e615: DetachedLogEvent(LogMessage(debug,sbt server socket logs are in: /home/pk/IdeaProjects/websocket-akka/.sbtserver/connections/master.log))
Sending msg to client activator-d0494295-bcca-46a9-9537-1e37ea21e615: DetachedLogEvent(LogMessage(debug,sbt general server logs are in: /home/pk/IdeaProjects/websocket-akka/.sbtserver/master.log))
Reading next message from client.
Got request: ListenToEvents()
Reading next message from client.
Got request: ListenToBuildChange()
Reading next message from client.
Got request: SendSyntheticBuildChanged()
Reading next message from client.
Got request: KeyLookupRequest(discoveredMainClasses)
Reading next message from client.
Got request: KeyLookupRequest(mainClass)
Reading next message from client.
Sending msg to client activator-d0494295-bcca-46a9-9537-1e37ea21e615: (3,ReceivedResponse())
Sending msg to client activator-d0494295-bcca-46a9-9537-1e37ea21e615: DetachedLogEvent(LogMessage(debug,> --initialize))
Sending msg to client activator-d0494295-bcca-46a9-9537-1e37ea21e615: DetachedLogEvent(LogMessage(debug,> initialize))
Sending msg to client activator-d0494295-bcca-46a9-9537-1e37ea21e615: DetachedLogEvent(LogMessage(debug,> onFailure load-failed))
Sending msg to client activator-d0494295-bcca-46a9-9537-1e37ea21e615: DetachedLogEvent(LogMessage(debug,> boot))
Sending msg to client activator-d0494295-bcca-46a9-9537-1e37ea21e615: DetachedLogEvent(LogMessage(debug,> reload))
Sending msg to client activator-d0494295-bcca-46a9-9537-1e37ea21e615: DetachedLogEvent(LogMessage(debug,[Loading] Scanning directory /home/pk/.sbt/0.13/plugins))
Sending msg to client activator-d0494295-bcca-46a9-9537-1e37ea21e615: DetachedLogEvent(LogMessage(debug,[Loading] Found non-root projects ))
Sending msg to client activator-d0494295-bcca-46a9-9537-1e37ea21e615: DetachedLogEvent(LogMessage(debug,[Loading] Done in /home/pk/.sbt/0.13/plugins, returning: ()))
Sending msg to client activator-d0494295-bcca-46a9-9537-1e37ea21e615: DetachedLogEvent(LogMessage(debug,deducing auto plugins based on known facts Set(Atom(sbt.plugins.CorePlugin)) and clauses Clauses(List(Clause(Atom(sbt.plugins.JvmPlugin),Set(Atom(sbt.plugins.IvyPlugin))), Clause(Atom(sbt.plugins.JUnitXmlReportPlugin),Set(Atom(sbt.plugins.JvmPlugin))), Clause(Atom(sbt.plugins.CorePlugin),Set(Atom(sbt.plugins.IvyPlugin))), Clause(Atom(sbt.plugins.IvyPlugin),Set(Atom(sbt.plugins.JvmPlugin))), Clause(Atom(sbt.plugins.JvmPlugin),Set(Atom(sbt.plugins.JUnitXmlReportPlugin)))))))
Sending msg to client activator-d0494295-bcca-46a9-9537-1e37ea21e615: DetachedLogEvent(LogMessage(debug,  :: deduced result: Matched(sbt.plugins.CorePlugin,sbt.plugins.IvyPlugin,sbt.plugins.JvmPlugin,sbt.plugins.JUnitXmlReportPlugin)))
Sending msg to client activator-d0494295-bcca-46a9-9537-1e37ea21e615: DetachedLogEvent(LogMessage(debug,sorting: ns: List(sbt.plugins.CorePlugin, sbt.plugins.IvyPlugin, sbt.plugins.JvmPlugin, sbt.plugins.JUnitXmlReportPlugin)))
Sending msg to client activator-d0494295-bcca-46a9-9537-1e37ea21e615: DetachedLogEvent(LogMessage(debug,  :: sorting:: found: List(sbt.plugins.CorePlugin) not found List(sbt.plugins.IvyPlugin, sbt.plugins.JvmPlugin, sbt.plugins.JUnitXmlReportPlugin)))
Sending msg to client activator-d0494295-bcca-46a9-9537-1e37ea21e615: DetachedLogEvent(LogMessage(debug,  :: sorting:: found: List(sbt.plugins.CorePlugin, sbt.plugins.IvyPlugin) not found List(sbt.plugins.JvmPlugin, sbt.plugins.JUnitXmlReportPlugin)))
Sending msg to client activator-d0494295-bcca-46a9-9537-1e37ea21e615: DetachedLogEvent(LogMessage(debug,  :: sorting:: found: List(sbt.plugins.CorePlugin, sbt.plugins.IvyPlugin, sbt.plugins.JvmPlugin) not found List(sbt.plugins.JUnitXmlReportPlugin)))
Sending msg to client activator-d0494295-bcca-46a9-9537-1e37ea21e615: DetachedLogEvent(LogMessage(debug,  :: sorting:: found: List(sbt.plugins.CorePlugin, sbt.plugins.IvyPlugin, sbt.plugins.JvmPlugin, sbt.plugins.JUnitXmlReportPlugin) not found List()))
Sending msg to client activator-d0494295-bcca-46a9-9537-1e37ea21e615: DetachedLogEvent(LogMessage(debug,  :: sorted deduced result: List(sbt.plugins.CorePlugin, sbt.plugins.IvyPlugin, sbt.plugins.JvmPlugin, sbt.plugins.JUnitXmlReportPlugin)))
Sending msg to client activator-d0494295-bcca-46a9-9537-1e37ea21e615: DetachedLogEvent(LogMessage(debug,[Loading] Done in /home/pk/.sbt/0.13/plugins, returning: (global-plugins)))
Sending msg to client activator-d0494295-bcca-46a9-9537-1e37ea21e615: DetachedLogEvent(LogMessage(info,Loading global plugins from /home/pk/.sbt/0.13/plugins))
Sending msg to client activator-d0494295-bcca-46a9-9537-1e37ea21e615: DetachedLogEvent(LogMessage(debug,Running task... Cancel: sbt.TaskCancellationStrategy$Null$@5284c697, check cycles: false))
Sending msg to client activator-d0494295-bcca-46a9-9537-1e37ea21e615: DetachedLogEvent(LogMessage(debug,
Initial source changes: 
	removed:Set()
	added: Set()
	modified: Set()
Removed products: Set()
External API changes: API Changes: Set()
Modified binary dependencies: Set()
Initial directly invalidated sources: Set()

Sources indirectly invalidated by:
	product: Set()
	binary dep: Set()
	external source: Set()))
Sending msg to client activator-d0494295-bcca-46a9-9537-1e37ea21e615: DetachedLogEvent(LogMessage(debug,All initially invalidated sources: Set()
))
Sending msg to client activator-d0494295-bcca-46a9-9537-1e37ea21e615: DetachedLogEvent(LogMessage(debug,Copy resource mappings: 
	))
Sending msg to client activator-d0494295-bcca-46a9-9537-1e37ea21e615: DetachedLogEvent(LogMessage(debug,Other repositories:))
Sending msg to client activator-d0494295-bcca-46a9-9537-1e37ea21e615: DetachedLogEvent(LogMessage(debug,Default repositories:))
Sending msg to client activator-d0494295-bcca-46a9-9537-1e37ea21e615: DetachedLogEvent(LogMessage(debug,Using inline dependencies specified in Scala.))
Sending msg to client activator-d0494295-bcca-46a9-9537-1e37ea21e615: DetachedLogEvent(LogMessage(debug,[Loading] Scanning directory /home/pk/IdeaProjects/websocket-akka/project))
Sending msg to client activator-d0494295-bcca-46a9-9537-1e37ea21e615: DetachedLogEvent(LogMessage(debug,[Loading] Found non-root projects ))
Sending msg to client activator-d0494295-bcca-46a9-9537-1e37ea21e615: DetachedLogEvent(LogMessage(debug,[Loading] Done in /home/pk/IdeaProjects/websocket-akka/project, returning: ()))
Sending msg to client activator-d0494295-bcca-46a9-9537-1e37ea21e615: DetachedLogEvent(LogMessage(debug,deducing auto plugins based on known facts Set(Atom(sbt.plugins.CorePlugin)) and clauses Clauses(List(Clause(Atom(sbt.plugins.JvmPlugin),Set(Atom(sbt.plugins.IvyPlugin))), Clause(Atom(sbt.plugins.JUnitXmlReportPlugin),Set(Atom(sbt.plugins.JvmPlugin))), Clause(Atom(sbt.plugins.CorePlugin),Set(Atom(sbt.plugins.IvyPlugin))), Clause(Atom(sbt.plugins.IvyPlugin),Set(Atom(sbt.plugins.JvmPlugin))), Clause(Atom(sbt.plugins.JvmPlugin),Set(Atom(sbt.plugins.JUnitXmlReportPlugin)))))))
Sending msg to client activator-d0494295-bcca-46a9-9537-1e37ea21e615: DetachedLogEvent(LogMessage(debug,  :: deduced result: Matched(sbt.plugins.CorePlugin,sbt.plugins.IvyPlugin,sbt.plugins.JvmPlugin,sbt.plugins.JUnitXmlReportPlugin)))
Sending msg to client activator-d0494295-bcca-46a9-9537-1e37ea21e615: DetachedLogEvent(LogMessage(debug,sorting: ns: List(sbt.plugins.CorePlugin, sbt.plugins.IvyPlugin, sbt.plugins.JvmPlugin, sbt.plugins.JUnitXmlReportPlugin)))
Sending msg to client activator-d0494295-bcca-46a9-9537-1e37ea21e615: DetachedLogEvent(LogMessage(debug,  :: sorting:: found: List(sbt.plugins.CorePlugin) not found List(sbt.plugins.IvyPlugin, sbt.plugins.JvmPlugin, sbt.plugins.JUnitXmlReportPlugin)))
Sending msg to client activator-d0494295-bcca-46a9-9537-1e37ea21e615: DetachedLogEvent(LogMessage(debug,  :: sorting:: found: List(sbt.plugins.CorePlugin, sbt.plugins.IvyPlugin) not found List(sbt.plugins.JvmPlugin, sbt.plugins.JUnitXmlReportPlugin)))
Sending msg to client activator-d0494295-bcca-46a9-9537-1e37ea21e615: DetachedLogEvent(LogMessage(debug,  :: sorting:: found: List(sbt.plugins.CorePlugin, sbt.plugins.IvyPlugin, sbt.plugins.JvmPlugin) not found List(sbt.plugins.JUnitXmlReportPlugin)))
Sending msg to client activator-d0494295-bcca-46a9-9537-1e37ea21e615: DetachedLogEvent(LogMessage(debug,  :: sorting:: found: List(sbt.plugins.CorePlugin, sbt.plugins.IvyPlugin, sbt.plugins.JvmPlugin, sbt.plugins.JUnitXmlReportPlugin) not found List()))
Sending msg to client activator-d0494295-bcca-46a9-9537-1e37ea21e615: DetachedLogEvent(LogMessage(debug,  :: sorted deduced result: List(sbt.plugins.CorePlugin, sbt.plugins.IvyPlugin, sbt.plugins.JvmPlugin, sbt.plugins.JUnitXmlReportPlugin)))
Sending msg to client activator-d0494295-bcca-46a9-9537-1e37ea21e615: DetachedLogEvent(LogMessage(debug,[Loading] Done in /home/pk/IdeaProjects/websocket-akka/project, returning: (websocket-akka-build)))
Sending msg to client activator-d0494295-bcca-46a9-9537-1e37ea21e615: DetachedLogEvent(LogMessage(info,Loading project definition from /home/pk/IdeaProjects/websocket-akka/project))
Sending msg to client activator-d0494295-bcca-46a9-9537-1e37ea21e615: DetachedLogEvent(LogMessage(debug,Running task... Cancel: sbt.TaskCancellationStrategy$Null$@5284c697, check cycles: false))
Sending msg to client activator-d0494295-bcca-46a9-9537-1e37ea21e615: DetachedLogEvent(LogMessage(debug,
Initial source changes: 
	removed:Set()
	added: Set()
	modified: Set()
Removed products: Set()
External API changes: API Changes: Set()
Modified binary dependencies: Set()
Initial directly invalidated sources: Set()

Sources indirectly invalidated by:
	product: Set()
	binary dep: Set()
	external source: Set()))
Sending msg to client activator-d0494295-bcca-46a9-9537-1e37ea21e615: DetachedLogEvent(LogMessage(debug,All initially invalidated sources: Set()
))
Sending msg to client activator-d0494295-bcca-46a9-9537-1e37ea21e615: DetachedLogEvent(LogMessage(debug,Copy resource mappings: 
	))
Sending msg to client activator-d0494295-bcca-46a9-9537-1e37ea21e615: DetachedLogEvent(LogMessage(debug,[Loading] Scanning directory /home/pk/IdeaProjects/websocket-akka))
Sending msg to client activator-d0494295-bcca-46a9-9537-1e37ea21e615: DetachedLogEvent(LogMessage(debug,[Loading] Found non-root projects ))
Sending msg to client activator-d0494295-bcca-46a9-9537-1e37ea21e615: DetachedLogEvent(LogMessage(debug,[Loading] Done in /home/pk/IdeaProjects/websocket-akka, returning: ()))
Sending msg to client activator-d0494295-bcca-46a9-9537-1e37ea21e615: DetachedLogEvent(LogMessage(debug,deducing auto plugins based on known facts Set(Atom(sbt.plugins.CorePlugin)) and clauses Clauses(List(Clause(Atom(sbt.plugins.JvmPlugin),Set(Atom(sbt.plugins.IvyPlugin))), Clause(Atom(sbt.plugins.JUnitXmlReportPlugin),Set(Atom(sbt.plugins.JvmPlugin))), Clause(Atom(sbt.plugins.BackgroundRunPlugin),Set(Atom(sbt.plugins.JvmPlugin))), Clause(Atom(sbt.plugins.CorePlugin),Set(Atom(sbt.plugins.IvyPlugin))), Clause(Atom(sbt.plugins.IvyPlugin),Set(Atom(sbt.plugins.JvmPlugin))), Clause(Atom(sbt.plugins.JvmPlugin),Set(Atom(sbt.plugins.JUnitXmlReportPlugin))), Clause(Atom(sbt.plugins.JvmPlugin),Set(Atom(sbt.plugins.BackgroundRunPlugin))), Clause(Atom(sbt.plugins.CorePlugin),Set(Atom(sbt.plugins.InteractionServicePlugin))), Clause(Atom(sbt.plugins.CorePlugin),Set(Atom(sbt.plugins.SendEventServicePlugin))), Clause(Atom(sbt.plugins.CorePlugin),Set(Atom(sbt.plugins.SerializersPlugin)))))))
Sending msg to client activator-d0494295-bcca-46a9-9537-1e37ea21e615: DetachedLogEvent(LogMessage(debug,  :: deduced result: Matched(sbt.plugins.CorePlugin,sbt.plugins.SerializersPlugin,sbt.plugins.SendEventServicePlugin,sbt.plugins.InteractionServicePlugin,sbt.plugins.IvyPlugin,sbt.plugins.JvmPlugin,sbt.plugins.BackgroundRunPlugin,sbt.plugins.JUnitXmlReportPlugin)))
Sending msg to client activator-d0494295-bcca-46a9-9537-1e37ea21e615: DetachedLogEvent(LogMessage(debug,sorting: ns: List(sbt.plugins.CorePlugin, sbt.plugins.SerializersPlugin, sbt.plugins.SendEventServicePlugin, sbt.plugins.InteractionServicePlugin, sbt.plugins.IvyPlugin, sbt.plugins.JvmPlugin, sbt.plugins.BackgroundRunPlugin, sbt.plugins.JUnitXmlReportPlugin)))
Sending msg to client activator-d0494295-bcca-46a9-9537-1e37ea21e615: DetachedLogEvent(LogMessage(debug,  :: sorting:: found: List(sbt.plugins.CorePlugin) not found List(sbt.plugins.SerializersPlugin, sbt.plugins.SendEventServicePlugin, sbt.plugins.InteractionServicePlugin, sbt.plugins.IvyPlugin, sbt.plugins.JvmPlugin, sbt.plugins.BackgroundRunPlugin, sbt.plugins.JUnitXmlReportPlugin)))
Sending msg to client activator-d0494295-bcca-46a9-9537-1e37ea21e615: DetachedLogEvent(LogMessage(debug,  :: sorting:: found: List(sbt.plugins.CorePlugin, sbt.plugins.SerializersPlugin, sbt.plugins.SendEventServicePlugin, sbt.plugins.InteractionServicePlugin, sbt.plugins.IvyPlugin) not found List(sbt.plugins.JvmPlugin, sbt.plugins.BackgroundRunPlugin, sbt.plugins.JUnitXmlReportPlugin)))
Sending msg to client activator-d0494295-bcca-46a9-9537-1e37ea21e615: DetachedLogEvent(LogMessage(debug,  :: sorting:: found: List(sbt.plugins.CorePlugin, sbt.plugins.SerializersPlugin, sbt.plugins.SendEventServicePlugin, sbt.plugins.InteractionServicePlugin, sbt.plugins.IvyPlugin, sbt.plugins.JvmPlugin) not found List(sbt.plugins.BackgroundRunPlugin, sbt.plugins.JUnitXmlReportPlugin)))
Sending msg to client activator-d0494295-bcca-46a9-9537-1e37ea21e615: DetachedLogEvent(LogMessage(debug,  :: sorting:: found: List(sbt.plugins.CorePlugin, sbt.plugins.SerializersPlugin, sbt.plugins.SendEventServicePlugin, sbt.plugins.InteractionServicePlugin, sbt.plugins.IvyPlugin, sbt.plugins.JvmPlugin, sbt.plugins.BackgroundRunPlugin, sbt.plugins.JUnitXmlReportPlugin) not found List()))
Sending msg to client activator-d0494295-bcca-46a9-9537-1e37ea21e615: DetachedLogEvent(LogMessage(debug,  :: sorted deduced result: List(sbt.plugins.CorePlugin, sbt.plugins.SerializersPlugin, sbt.plugins.SendEventServicePlugin, sbt.plugins.InteractionServicePlugin, sbt.plugins.IvyPlugin, sbt.plugins.JvmPlugin, sbt.plugins.BackgroundRunPlugin, sbt.plugins.JUnitXmlReportPlugin)))
Sending msg to client activator-d0494295-bcca-46a9-9537-1e37ea21e615: DetachedLogEvent(LogMessage(debug,[Loading] Done in /home/pk/IdeaProjects/websocket-akka, returning: (websocket-akka)))
Sending msg to client activator-d0494295-bcca-46a9-9537-1e37ea21e615: DetachedLogEvent(LogMessage(info,Set current project to WebSockets (in build file:/home/pk/IdeaProjects/websocket-akka/)))
Sending msg to client activator-d0494295-bcca-46a9-9537-1e37ea21e615: DetachedLogEvent(LogMessage(info,Reapplying settings...))
Sending msg to client activator-d0494295-bcca-46a9-9537-1e37ea21e615: DetachedLogEvent(LogMessage(info,Set current project to WebSockets (in build file:/home/pk/IdeaProjects/websocket-akka/)))
Sending msg to client activator-d0494295-bcca-46a9-9537-1e37ea21e615: DetachedLogEvent(LogMessage(debug,> iflast shell))
Sending msg to client activator-d0494295-bcca-46a9-9537-1e37ea21e615: DetachedLogEvent(LogMessage(debug,> server-send-ready-for-request))
Sending msg to client activator-d0494295-bcca-46a9-9537-1e37ea21e615: BuildLoaded()
Sending msg to client activator-d0494295-bcca-46a9-9537-1e37ea21e615: DetachedLogEvent(LogMessage(debug,> server-handle-next-server-request))
Sending msg to client activator-d0494295-bcca-46a9-9537-1e37ea21e615: (4,ReceivedResponse())
Sending msg to client activator-d0494295-bcca-46a9-9537-1e37ea21e615: BuildStructureChanged(MinimalBuildStructure(Vector(file:/home/pk/IdeaProjects/websocket-akka/),Vector(BuildData(file:/home/pk/IdeaProjects/websocket-akka/,Vector(/home/pk/IdeaProjects/websocket-akka/project/target/scala-2.10/sbt-0.13/classes, /home/pk/.sbt/0.13/plugins/target/scala-2.10/sbt-0.13/classes, /home/pk/.ivy2/cache/scala_2.10/sbt_0.13/net.virtual-void/sbt-dependency-graph/jars/sbt-dependency-graph-0.7.5.jar, /home/pk/.ivy2/cache/com.github.mdr/ascii-graphs_2.10/jars/ascii-graphs_2.10-0.0.3.jar, /home/pk/.sbt/boot/scala-2.10.4/lib/scala-library.jar, /home/pk/.ivy2/cache/scala_2.10/sbt_0.13/org.scala-sbt/sbt-core-next/jars/sbt-core-next-0.1.1.jar, /home/pk/.ivy2/cache/org.scala-sbt/core-next_2.10/jars/core-next_2.10-0.1.1.jar, /home/pk/.ivy2/cache/org.scala-sbt/serialization_2.10/jars/serialization_2.10-0.1.0.jar, /home/pk/.ivy2/cache/org.scala-lang.modules/scala-pickling_2.10/jars/scala-pickling_2.10-0.10.0.jar, /home/pk/.sbt/boot/scala-2.10.4/lib/scala-compiler.jar, /home/pk/.sbt/boot/scala-2.10.4/lib/scala-reflect.jar, /home/pk/.ivy2/cache/org.scalamacros/quasiquotes_2.10/jars/quasiquotes_2.10-2.0.1.jar, /home/pk/.ivy2/cache/org.json4s/json4s-core_2.10/jars/json4s-core_2.10-3.2.10.jar, /home/pk/.ivy2/cache/org.json4s/json4s-ast_2.10/jars/json4s-ast_2.10-3.2.10.jar, /home/pk/.ivy2/cache/com.thoughtworks.paranamer/paranamer/jars/paranamer-2.6.jar, /home/pk/.ivy2/cache/org.spire-math/jawn-parser_2.10/jars/jawn-parser_2.10-0.6.0.jar, /home/pk/.ivy2/cache/org.spire-math/json4s-support_2.10/jars/json4s-support_2.10-0.6.0.jar, /home/pk/.sbt/boot/scala-2.10.4/com.typesafe.sbtrc/server-0-13/0.3.5/process-0.13.8.jar, /home/pk/.sbt/boot/scala-2.10.4/com.typesafe.sbtrc/server-0-13/0.3.5/json4s-core_2.10-3.2.10.jar, /home/pk/.sbt/boot/scala-2.10.4/com.typesafe.sbtrc/server-0-13/0.3.5/sbt-0.13.8.jar, /home/pk/.sbt/boot/scala-2.10.4/com.typesafe.sbtrc/server-0-13/0.3.5/classfile-0.13.8.jar, /home/pk/.sbt/boot/scala-2.10.4/com.typesafe.sbtrc/server-0-13/0.3.5/tracking-0.13.8.jar, /home/pk/.sbt/boot/scala-2.10.4/com.typesafe.sbtrc/server-0-13/0.3.5/jsch-0.1.46.jar, /home/pk/.sbt/boot/scala-2.10.4/com.typesafe.sbtrc/server-0-13/0.3.5/json4s-support_2.10-0.6.0.jar, /home/pk/.sbt/boot/scala-2.10.4/com.typesafe.sbtrc/server-0-13/0.3.5/scala-reflect-2.10.4.jar, /home/pk/.sbt/boot/scala-2.10.4/com.typesafe.sbtrc/server-0-13/0.3.5/core-next_2.10-0.1.1.jar, /home/pk/.sbt/boot/scala-2.10.4/com.typesafe.sbtrc/server-0-13/0.3.5/server-0-13-0.3.5.jar, /home/pk/.sbt/boot/scala-2.10.4/com.typesafe.sbtrc/server-0-13/0.3.5/main-settings-0.13.8.jar, /home/pk/.sbt/boot/scala-2.10.4/com.typesafe.sbtrc/server-0-13/0.3.5/scala-pickling_2.10-0.10.0.jar, /home/pk/.sbt/boot/scala-2.10.4/com.typesafe.sbtrc/server-0-13/0.3.5/serialization_2.10-0.1.1.jar, /home/pk/.sbt/boot/scala-2.10.4/com.typesafe.sbtrc/server-0-13/0.3.5/compiler-ivy-integration-0.13.8.jar, /home/pk/.sbt/boot/scala-2.10.4/com.typesafe.sbtrc/server-0-13/0.3.5/apply-macro-0.13.8.jar, /home/pk/.sbt/boot/scala-2.10.4/com.typesafe.sbtrc/server-0-13/0.3.5/collections-0.13.8.jar, /home/pk/.sbt/boot/scala-2.10.4/com.typesafe.sbtrc/server-0-13/0.3.5/relation-0.13.8.jar, /home/pk/.sbt/boot/scala-2.10.4/com.typesafe.sbtrc/server-0-13/0.3.5/compiler-integration-0.13.8.jar, /home/pk/.sbt/boot/scala-2.10.4/com.typesafe.sbtrc/server-0-13/0.3.5/cache-0.13.8.jar, /home/pk/.sbt/boot/scala-2.10.4/com.typesafe.sbtrc/server-0-13/0.3.5/json4s-ast_2.10-3.2.10.jar, /home/pk/.sbt/boot/scala-2.10.4/com.typesafe.sbtrc/server-0-13/0.3.5/test-interface-1.0.jar, /home/pk/.sbt/boot/scala-2.10.4/com.typesafe.sbtrc/server-0-13/0.3.5/tasks-0.13.8.jar, /home/pk/.sbt/boot/scala-2.10.4/com.typesafe.sbtrc/server-0-13/0.3.5/ivy-2.3.0-sbt-fccfbd44c9f64523b61398a0155784dcbaeae28f.jar, /home/pk/.sbt/boot/scala-2.10.4/com.typesafe.sbtrc/server-0-13/0.3.5/jline-2.11.jar, /home/pk/.sbt/boot/scala-2.10.4/com.typesafe.sbtrc/server-0-13/0.3.5/classpath-0.13.8.jar, /home/pk/.sbt/boot/scala-2.10.4/com.typesafe.sbtrc/server-0-13/0.3.5/quasiquotes_2.10-2.0.1.jar, /home/pk/.sbt/boot/scala-2.10.4/com.typesafe.sbtrc/server-0-13/0.3.5/logging-0.13.8.jar, /home/pk/.sbt/boot/scala-2.10.4/com.typesafe.sbtrc/server-0-13/0.3.5/sbinary_2.10-0.4.2.jar, /home/pk/.sbt/boot/scala-2.10.4/com.typesafe.sbtrc/server-0-13/0.3.5/incremental-compiler-0.13.8.jar, /home/pk/.sbt/boot/scala-2.10.4/com.typesafe.sbtrc/server-0-13/0.3.5/compile-0.13.8.jar, /home/pk/.sbt/boot/scala-2.10.4/com.typesafe.sbtrc/server-0-13/0.3.5/logic-0.13.8.jar, /home/pk/.sbt/boot/scala-2.10.4/com.typesafe.sbtrc/server-0-13/0.3.5/test-agent-0.13.8.jar, /home/pk/.sbt/boot/scala-2.10.4/com.typesafe.sbtrc/server-0-13/0.3.5/completion-0.13.8.jar, /home/pk/.sbt/boot/scala-2.10.4/com.typesafe.sbtrc/server-0-13/0.3.5/main-0.13.8.jar, /home/pk/.sbt/boot/scala-2.10.4/com.typesafe.sbtrc/server-0-13/0.3.5/api-0.13.8.jar, /home/pk/.sbt/boot/scala-2.10.4/com.typesafe.sbtrc/server-0-13/0.3.5/command-0.13.8.jar, /home/pk/.sbt/boot/scala-2.10.4/com.typesafe.sbtrc/server-0-13/0.3.5/cross-0.13.8.jar, /home/pk/.sbt/boot/scala-2.10.4/com.typesafe.sbtrc/server-0-13/0.3.5/ivy-0.13.8.jar, /home/pk/.sbt/boot/scala-2.10.4/com.typesafe.sbtrc/server-0-13/0.3.5/paranamer-2.6.jar, /home/pk/.sbt/boot/scala-2.10.4/com.typesafe.sbtrc/server-0-13/0.3.5/control-0.13.8.jar, /home/pk/.sbt/boot/scala-2.10.4/com.typesafe.sbtrc/server-0-13/0.3.5/testing-0.13.8.jar, /home/pk/.sbt/boot/scala-2.10.4/com.typesafe.sbtrc/server-0-13/0.3.5/io-0.13.8.jar, /home/pk/.sbt/boot/scala-2.10.4/com.typesafe.sbtrc/server-0-13/0.3.5/run-0.13.8.jar, /home/pk/.sbt/boot/scala-2.10.4/com.typesafe.sbtrc/server-0-13/0.3.5/actions-0.13.8.jar, /home/pk/.sbt/boot/scala-2.10.4/com.typesafe.sbtrc/server-0-13/0.3.5/persist-0.13.8.jar, /home/pk/.sbt/boot/scala-2.10.4/com.typesafe.sbtrc/server-0-13/0.3.5/launcher-interface-0.13.8.jar, /home/pk/.sbt/boot/scala-2.10.4/com.typesafe.sbtrc/server-0-13/0.3.5/task-system-0.13.8.jar, /home/pk/.sbt/boot/scala-2.10.4/com.typesafe.sbtrc/server-0-13/0.3.5/jawn-parser_2.10-0.6.0.jar, /home/pk/.sbt/boot/scala-2.10.4/com.typesafe.sbtrc/server-0-13/0.3.5/xsbti/interface-0.13.8.jar, /home/pk/.sbt/boot/scala-2.10.4/lib/jansi.jar, /home/pk/.sbt/boot/scala-2.10.4/lib/jline.jar),Vector(import sbt._, Keys._, dsl._, import _root_.net.virtualvoid.sbt.graph.Plugin._, import _root_.sbt.plugins.IvyPlugin, _root_.sbt.plugins.JvmPlugin, _root_.sbt.plugins.CorePlugin, _root_.sbt.plugins.JUnitXmlReportPlugin, _root_.sbt.plugins.BackgroundRunPlugin, _root_.sbt.plugins.InteractionServicePlugin, _root_.sbt.plugins.SendEventServicePlugin, _root_.sbt.plugins.SerializersPlugin))),Vector(MinimalProjectStructure(ProjectReference(file:/home/pk/IdeaProjects/websocket-akka/,websocket-akka),Vector(sbt.plugins.CorePlugin, sbt.plugins.SerializersPlugin, sbt.plugins.SendEventServicePlugin, sbt.plugins.InteractionServicePlugin, sbt.plugins.IvyPlugin, sbt.plugins.JvmPlugin, sbt.plugins.BackgroundRunPlugin, sbt.plugins.JUnitXmlReportPlugin),Some(ProjectDependencies(List(),List()))))))
Got request: KeyLookupRequest(discoveredMainClasses)
Reading next message from client.
Got request: KeyLookupRequest(mainClass)
Reading next message from client.
Sending msg to client activator-d0494295-bcca-46a9-9537-1e37ea21e615: (6,KeyLookupResponse(discoveredMainClasses,Vector(AttributeKey[scala.collection.Seq[java.lang.String]]("discoveredMainClasses") in Scope(Build: file:/home/pk/IdeaProjects/websocket-akka/, , Project: ProjectReference(file:/home/pk/IdeaProjects/websocket-akka/,websocket-akka), Config: compile))))
Sending msg to client activator-d0494295-bcca-46a9-9537-1e37ea21e615: (7,KeyLookupResponse(mainClass,Vector(AttributeKey[scala.Option[java.lang.String]]("mainClass") in Scope(Build: file:/home/pk/IdeaProjects/websocket-akka/, , Project: ProjectReference(file:/home/pk/IdeaProjects/websocket-akka/,websocket-akka), Config: compile))))
Got request: ListenToValue(AttributeKey[scala.collection.Seq[java.lang.String]]("discoveredMainClasses") in Scope(Build: file:/home/pk/IdeaProjects/websocket-akka/, , Project: ProjectReference(file:/home/pk/IdeaProjects/websocket-akka/,websocket-akka), Config: compile))
Reading next message from client.
Got request: SendSyntheticValueChanged(AttributeKey[scala.collection.Seq[java.lang.String]]("discoveredMainClasses") in Scope(Build: file:/home/pk/IdeaProjects/websocket-akka/, , Project: ProjectReference(file:/home/pk/IdeaProjects/websocket-akka/,websocket-akka), Config: compile))
Reading next message from client.
Got request: ListenToValue(AttributeKey[scala.Option[java.lang.String]]("mainClass") in Scope(Build: file:/home/pk/IdeaProjects/websocket-akka/, , Project: ProjectReference(file:/home/pk/IdeaProjects/websocket-akka/,websocket-akka), Config: compile))
Reading next message from client.
Sending msg to client activator-d0494295-bcca-46a9-9537-1e37ea21e615: (8,KeyLookupResponse(discoveredMainClasses,Vector(AttributeKey[scala.collection.Seq[java.lang.String]]("discoveredMainClasses") in Scope(Build: file:/home/pk/IdeaProjects/websocket-akka/, , Project: ProjectReference(file:/home/pk/IdeaProjects/websocket-akka/,websocket-akka), Config: compile))))
Got request: SendSyntheticValueChanged(AttributeKey[scala.Option[java.lang.String]]("mainClass") in Scope(Build: file:/home/pk/IdeaProjects/websocket-akka/, , Project: ProjectReference(file:/home/pk/IdeaProjects/websocket-akka/,websocket-akka), Config: compile))
Reading next message from client.
Sending msg to client activator-d0494295-bcca-46a9-9537-1e37ea21e615: (9,KeyLookupResponse(mainClass,Vector(AttributeKey[scala.Option[java.lang.String]]("mainClass") in Scope(Build: file:/home/pk/IdeaProjects/websocket-akka/, , Project: ProjectReference(file:/home/pk/IdeaProjects/websocket-akka/,websocket-akka), Config: compile))))
Sending msg to client activator-d0494295-bcca-46a9-9537-1e37ea21e615: (10,ReceivedResponse())
Sending msg to client activator-d0494295-bcca-46a9-9537-1e37ea21e615: ExecutionWaiting(1,{file:/home/pk/IdeaProjects/websocket-akka/}websocket-akka/compile:discoveredMainClasses,ClientInfo(d0494295-bcca-46a9-9537-1e37ea21e615,activator,Activator,3,Vector()))
Sending msg to client activator-d0494295-bcca-46a9-9537-1e37ea21e615: (11,ReceivedResponse())
Sending msg to client activator-d0494295-bcca-46a9-9537-1e37ea21e615: ExecutionStarting(1)
Sending msg to client activator-d0494295-bcca-46a9-9537-1e37ea21e615: (12,ReceivedResponse())
Sending msg to client activator-d0494295-bcca-46a9-9537-1e37ea21e615: DetachedLogEvent(LogMessage(debug,> {file:/home/pk/IdeaProjects/websocket-akka/}websocket-akka/compile:discoveredMainClasses))
Sending msg to client activator-d0494295-bcca-46a9-9537-1e37ea21e615: ExecutionWaiting(2,{file:/home/pk/IdeaProjects/websocket-akka/}websocket-akka/compile:discoveredMainClasses,ClientInfo(e7309890-12c3-44b3-b399-c21d9d5d5f7f,activator,Activator,3,Vector()))
Sending msg to client activator-d0494295-bcca-46a9-9537-1e37ea21e615: ExecutionWaiting(3,{file:/home/pk/IdeaProjects/websocket-akka/}websocket-akka/compile:mainClass,ClientInfo(d0494295-bcca-46a9-9537-1e37ea21e615,activator,Activator,3,Vector()))
Sending msg to client activator-d0494295-bcca-46a9-9537-1e37ea21e615: (13,ReceivedResponse())
Sending msg to client activator-d0494295-bcca-46a9-9537-1e37ea21e615: DetachedLogEvent(LogMessage(debug,Evaluating tasks: compile:discoveredMainClasses))
Sending msg to client activator-d0494295-bcca-46a9-9537-1e37ea21e615: DetachedLogEvent(LogMessage(debug,Running task... Cancel: sbt.server.ServerTaskCancellation@6eaa48e, check cycles: false))
Sending msg to client activator-d0494295-bcca-46a9-9537-1e37ea21e615: DetachedLogEvent(LogMessage(debug,cancel strategy start enabled=true lastCommand=Some(LastCommand(CommandExecutionWork(ExecutionId(1),{file:/home/pk/IdeaProjects/websocket-akka/}websocket-akka/compile:discoveredMainClasses,Set(LiveClient(activator d0494295-bcca-46a9-9537-1e37ea21e615)),sbt.server.WorkCancellationStatus$$anon$1@2e2601ec)))))
Sending msg to client activator-d0494295-bcca-46a9-9537-1e37ea21e615: TaskStarted(1,6,Some(AttributeKey[boolean]("skip") in Scope(Global)))
Sending msg to client activator-d0494295-bcca-46a9-9537-1e37ea21e615: TaskStarted(1,8,None)
Sending msg to client activator-d0494295-bcca-46a9-9537-1e37ea21e615: TaskStarted(1,9,Some(AttributeKey[scala.Function1[java.io.File,scala.Function1[java.lang.String,boolean]]]("definesClass") in Scope(Global)))
Sending msg to client activator-d0494295-bcca-46a9-9537-1e37ea21e615: TaskStarted(1,11,None)
Sending msg to client activator-d0494295-bcca-46a9-9537-1e37ea21e615: TaskStarted(1,13,Some(AttributeKey[sbt.inc.IncOptions]("incOptions") in Scope(Global)))
Sending msg to client activator-d0494295-bcca-46a9-9537-1e37ea21e615: TaskStarted(1,22,None)
Sending msg to client activator-d0494295-bcca-46a9-9537-1e37ea21e615: TaskStarted(1,26,None)
Sending msg to client activator-d0494295-bcca-46a9-9537-1e37ea21e615: TaskStarted(1,29,None)
Sending msg to client activator-d0494295-bcca-46a9-9537-1e37ea21e615: TaskStarted(1,33,Some(AttributeKey[java.lang.String]("updateCacheName") in Scope(Build: file:/home/pk/IdeaProjects/websocket-akka/, , Project: ProjectReference(file:/home/pk/IdeaProjects/websocket-akka/,websocket-akka))))
Sending msg to client activator-d0494295-bcca-46a9-9537-1e37ea21e615: TaskStarted(1,35,None)
Sending msg to client activator-d0494295-bcca-46a9-9537-1e37ea21e615: TaskStarted(1,36,None)
Sending msg to client activator-d0494295-bcca-46a9-9537-1e37ea21e615: TaskStarted(1,42,Some(AttributeKey[scala.Option[scala.collection.Seq[sbt.Resolver]]]("bootResolvers") in Scope(Build: file:/home/pk/IdeaProjects/websocket-akka/, , Project: ProjectReference(file:/home/pk/IdeaProjects/websocket-akka/,websocket-akka))))
Sending msg to client activator-d0494295-bcca-46a9-9537-1e37ea21e615: TaskStarted(1,46,Some(AttributeKey[scala.collection.Seq[sbt.Resolver]]("externalResolvers") in Scope(Build: file:/home/pk/IdeaProjects/websocket-akka/, , Project: ProjectReference(file:/home/pk/IdeaProjects/websocket-akka/,websocket-akka))))
Sending msg to client activator-d0494295-bcca-46a9-9537-1e37ea21e615: TaskStarted(1,49,Some(AttributeKey[scala.collection.Seq[sbt.Credentials]]("credentials") in Scope(Global)))
Sending msg to client activator-d0494295-bcca-46a9-9537-1e37ea21e615: TaskStarted(1,62,Some(AttributeKey[java.lang.String]("compileAnalysisFilename") in Scope(Build: file:/home/pk/IdeaProjects/websocket-akka/, , Project: ProjectReference(file:/home/pk/IdeaProjects/websocket-akka/,websocket-akka), Config: compile)))
Sending msg to client activator-d0494295-bcca-46a9-9537-1e37ea21e615: TaskStarted(1,67,Some(AttributeKey[sbt.SendEventService]("sendEventService") in Scope(Global)))
Sending msg to client activator-d0494295-bcca-46a9-9537-1e37ea21e615: TaskStarted(1,70,Some(AttributeKey[scala.collection.Seq[java.lang.String]]("javacOptions") in Scope(Global)))
Sending msg to client activator-d0494295-bcca-46a9-9537-1e37ea21e615: TaskStarted(1,71,Some(AttributeKey[scala.collection.Seq[scala.Function1[xsbti.Position,scala.Option[xsbti.Position]]]]("sourcePositionMappers") in Scope(Global)))
Sending msg to client activator-d0494295-bcca-46a9-9537-1e37ea21e615: TaskStarted(1,74,Some(AttributeKey[scala.collection.Seq[java.io.File]]("unmanagedSources") in Scope(Build: file:/home/pk/IdeaProjects/websocket-akka/, , Project: ProjectReference(file:/home/pk/IdeaProjects/websocket-akka/,websocket-akka), Config: compile)))
Sending msg to client activator-d0494295-bcca-46a9-9537-1e37ea21e615: TaskStarted(1,76,None)
Sending msg to client activator-d0494295-bcca-46a9-9537-1e37ea21e615: TaskStarted(1,80,None)
Sending msg to client activator-d0494295-bcca-46a9-9537-1e37ea21e615: TaskStarted(1,83,Some(AttributeKey[scala.collection.Seq[java.lang.String]]("scalacOptions") in Scope(Global)))
Sending msg to client activator-d0494295-bcca-46a9-9537-1e37ea21e615: TaskFinished(1,6,Some(AttributeKey[boolean]("skip") in Scope(Global)),true,None)
Sending msg to client activator-d0494295-bcca-46a9-9537-1e37ea21e615: TaskFinished(1,8,None,true,None)
Sending msg to client activator-d0494295-bcca-46a9-9537-1e37ea21e615: TaskStarted(1,7,Some(AttributeKey[xsbti.compile.GlobalsCache]("compilerCache") in Scope(Global)))
Sending msg to client activator-d0494295-bcca-46a9-9537-1e37ea21e615: TaskStarted(1,28,Some(AttributeKey[sbt.BuildStructure]("buildStructure") in Scope(Global)))
Sending msg to client activator-d0494295-bcca-46a9-9537-1e37ea21e615: TaskStarted(1,53,Some(AttributeKey[java.io.File]("dependencyCacheDirectory") in Scope(Build: file:/home/pk/IdeaProjects/websocket-akka/, , Project: ProjectReference(file:/home/pk/IdeaProjects/websocket-akka/,websocket-akka))))
Sending msg to client activator-d0494295-bcca-46a9-9537-1e37ea21e615: TaskFinished(1,9,Some(AttributeKey[scala.Function1[java.io.File,scala.Function1[java.lang.String,boolean]]]("definesClass") in Scope(Global)),true,None)
Sending msg to client activator-d0494295-bcca-46a9-9537-1e37ea21e615: TaskFinished(1,11,None,true,None)
Sending msg to client activator-d0494295-bcca-46a9-9537-1e37ea21e615: TaskStarted(1,10,None)
Sending msg to client activator-d0494295-bcca-46a9-9537-1e37ea21e615: TaskStarted(1,15,None)
Sending msg to client activator-d0494295-bcca-46a9-9537-1e37ea21e615: TaskStarted(1,32,None)
Sending msg to client activator-d0494295-bcca-46a9-9537-1e37ea21e615: TaskStarted(1,37,None)
Sending msg to client activator-d0494295-bcca-46a9-9537-1e37ea21e615: TaskStarted(1,45,None)
Sending msg to client activator-d0494295-bcca-46a9-9537-1e37ea21e615: TaskStarted(1,47,None)
Sending msg to client activator-d0494295-bcca-46a9-9537-1e37ea21e615: TaskStarted(1,48,None)
Sending msg to client activator-d0494295-bcca-46a9-9537-1e37ea21e615: TaskStarted(1,54,None)
Sending msg to client activator-d0494295-bcca-46a9-9537-1e37ea21e615: TaskStarted(1,56,None)
Sending msg to client activator-d0494295-bcca-46a9-9537-1e37ea21e615: TaskStarted(1,58,None)
Sending msg to client activator-d0494295-bcca-46a9-9537-1e37ea21e615: TaskStarted(1,60,None)
Sending msg to client activator-d0494295-bcca-46a9-9537-1e37ea21e615: TaskStarted(1,68,None)
Sending msg to client activator-d0494295-bcca-46a9-9537-1e37ea21e615: TaskStarted(1,78,None)
Sending msg to client activator-d0494295-bcca-46a9-9537-1e37ea21e615: TaskStarted(1,84,None)
Sending msg to client activator-d0494295-bcca-46a9-9537-1e37ea21e615: TaskStarted(1,85,None)
Sending msg to client activator-d0494295-bcca-46a9-9537-1e37ea21e615: TaskFinished(1,13,Some(AttributeKey[sbt.inc.IncOptions]("incOptions") in Scope(Global)),true,None)
Sending msg to client activator-d0494295-bcca-46a9-9537-1e37ea21e615: TaskStarted(1,12,Some(AttributeKey[sbt.inc.IncOptions]("incOptions") in Scope(Build: file:/home/pk/IdeaProjects/websocket-akka/, , Project: ProjectReference(file:/home/pk/IdeaProjects/websocket-akka/,websocket-akka))))
Sending msg to client activator-d0494295-bcca-46a9-9537-1e37ea21e615: TaskFinished(1,22,None,true,None)
Sending msg to client activator-d0494295-bcca-46a9-9537-1e37ea21e615: TaskFinished(1,26,None,true,None)
Sending msg to client activator-d0494295-bcca-46a9-9537-1e37ea21e615: TaskFinished(1,29,None,true,None)
Sending msg to client activator-d0494295-bcca-46a9-9537-1e37ea21e615: TaskFinished(1,33,Some(AttributeKey[java.lang.String]("updateCacheName") in Scope(Build: file:/home/pk/IdeaProjects/websocket-akka/, , Project: ProjectReference(file:/home/pk/IdeaProjects/websocket-akka/,websocket-akka))),true,None)
Sending msg to client activator-d0494295-bcca-46a9-9537-1e37ea21e615: TaskFinished(1,35,None,true,None)
Sending msg to client activator-d0494295-bcca-46a9-9537-1e37ea21e615: TaskFinished(1,36,None,true,None)
Sending msg to client activator-d0494295-bcca-46a9-9537-1e37ea21e615: TaskStarted(1,34,Some(AttributeKey[scala.collection.Seq[sbt.UpdateReport]]("transitiveUpdate") in Scope(Build: file:/home/pk/IdeaProjects/websocket-akka/, , Project: ProjectReference(file:/home/pk/IdeaProjects/websocket-akka/,websocket-akka))))
Sending msg to client activator-d0494295-bcca-46a9-9537-1e37ea21e615: TaskFinished(1,42,Some(AttributeKey[scala.Option[scala.collection.Seq[sbt.Resolver]]]("bootResolvers") in Scope(Build: file:/home/pk/IdeaProjects/websocket-akka/, , Project: ProjectReference(file:/home/pk/IdeaProjects/websocket-akka/,websocket-akka))),true,None)
Sending msg to client activator-d0494295-bcca-46a9-9537-1e37ea21e615: TaskFinished(1,46,Some(AttributeKey[scala.collection.Seq[sbt.Resolver]]("externalResolvers") in Scope(Build: file:/home/pk/IdeaProjects/websocket-akka/, , Project: ProjectReference(file:/home/pk/IdeaProjects/websocket-akka/,websocket-akka))),true,None)
Sending msg to client activator-d0494295-bcca-46a9-9537-1e37ea21e615: TaskFinished(1,49,Some(AttributeKey[scala.collection.Seq[sbt.Credentials]]("credentials") in Scope(Global)),true,None)
Sending msg to client activator-d0494295-bcca-46a9-9537-1e37ea21e615: TaskFinished(1,62,Some(AttributeKey[java.lang.String]("compileAnalysisFilename") in Scope(Build: file:/home/pk/IdeaProjects/websocket-akka/, , Project: ProjectReference(file:/home/pk/IdeaProjects/websocket-akka/,websocket-akka), Config: compile)),true,None)
Sending msg to client activator-d0494295-bcca-46a9-9537-1e37ea21e615: TaskFinished(1,67,Some(AttributeKey[sbt.SendEventService]("sendEventService") in Scope(Global)),true,None)
Sending msg to client activator-d0494295-bcca-46a9-9537-1e37ea21e615: TaskFinished(1,70,Some(AttributeKey[scala.collection.Seq[java.lang.String]]("javacOptions") in Scope(Global)),true,None)
Sending msg to client activator-d0494295-bcca-46a9-9537-1e37ea21e615: TaskFinished(1,71,Some(AttributeKey[scala.collection.Seq[scala.Function1[xsbti.Position,scala.Option[xsbti.Position]]]]("sourcePositionMappers") in Scope(Global)),true,None)
Sending msg to client activator-d0494295-bcca-46a9-9537-1e37ea21e615: TaskFinished(1,76,None,true,None)
Sending msg to client activator-d0494295-bcca-46a9-9537-1e37ea21e615: TaskStarted(1,75,Some(AttributeKey[scala.collection.Seq[java.io.File]]("managedSources") in Scope(Build: file:/home/pk/IdeaProjects/websocket-akka/, , Project: ProjectReference(file:/home/pk/IdeaProjects/websocket-akka/,websocket-akka), Config: compile)))
Sending msg to client activator-d0494295-bcca-46a9-9537-1e37ea21e615: TaskFinished(1,74,Some(AttributeKey[scala.collection.Seq[java.io.File]]("unmanagedSources") in Scope(Build: file:/home/pk/IdeaProjects/websocket-akka/, , Project: ProjectReference(file:/home/pk/IdeaProjects/websocket-akka/,websocket-akka), Config: compile)),true,None)
Sending msg to client activator-d0494295-bcca-46a9-9537-1e37ea21e615: TaskStarted(1,73,Some(AttributeKey[scala.collection.Seq[java.io.File]]("unmanagedSources") in Scope(Build: file:/home/pk/IdeaProjects/websocket-akka/, , Project: ProjectReference(file:/home/pk/IdeaProjects/websocket-akka/,websocket-akka), Config: compile)))
Sending msg to client activator-d0494295-bcca-46a9-9537-1e37ea21e615: TaskFinished(1,83,Some(AttributeKey[scala.collection.Seq[java.lang.String]]("scalacOptions") in Scope(Global)),true,None)
Sending msg to client activator-d0494295-bcca-46a9-9537-1e37ea21e615: TaskFinished(1,80,None,true,None)
Sending msg to client activator-d0494295-bcca-46a9-9537-1e37ea21e615: TaskFinished(1,7,Some(AttributeKey[xsbti.compile.GlobalsCache]("compilerCache") in Scope(Global)),true,None)
Sending msg to client activator-d0494295-bcca-46a9-9537-1e37ea21e615: TaskFinished(1,28,Some(AttributeKey[sbt.BuildStructure]("buildStructure") in Scope(Global)),true,None)
Sending msg to client activator-d0494295-bcca-46a9-9537-1e37ea21e615: TaskStarted(1,27,Some(AttributeKey[sbt.Settings[sbt.Scope]]("settingsData") in Scope(Global)))
Sending msg to client activator-d0494295-bcca-46a9-9537-1e37ea21e615: TaskFinished(1,53,Some(AttributeKey[java.io.File]("dependencyCacheDirectory") in Scope(Build: file:/home/pk/IdeaProjects/websocket-akka/, , Project: ProjectReference(file:/home/pk/IdeaProjects/websocket-akka/,websocket-akka))),true,None)
Sending msg to client activator-d0494295-bcca-46a9-9537-1e37ea21e615: TaskFinished(1,10,None,true,None)
Sending msg to client activator-d0494295-bcca-46a9-9537-1e37ea21e615: TaskFinished(1,15,None,true,None)
Sending msg to client activator-d0494295-bcca-46a9-9537-1e37ea21e615: TaskFinished(1,32,None,true,None)
Sending msg to client activator-d0494295-bcca-46a9-9537-1e37ea21e615: TaskStarted(1,31,Some(AttributeKey[scala.collection.immutable.Map[sbt.ModuleID,sbt.SourcePosition]]("dependencyPositions") in Scope(Build: file:/home/pk/IdeaProjects/websocket-akka/, , Project: ProjectReference(file:/home/pk/IdeaProjects/websocket-akka/,websocket-akka))))
Sending msg to client activator-d0494295-bcca-46a9-9537-1e37ea21e615: TaskFinished(1,37,None,true,None)
Sending msg to client activator-d0494295-bcca-46a9-9537-1e37ea21e615: TaskFinished(1,45,None,true,None)
Sending msg to client activator-d0494295-bcca-46a9-9537-1e37ea21e615: TaskFinished(1,47,None,true,None)
Sending msg to client activator-d0494295-bcca-46a9-9537-1e37ea21e615: TaskFinished(1,48,None,true,None)
Sending msg to client activator-d0494295-bcca-46a9-9537-1e37ea21e615: TaskFinished(1,54,None,true,None)
Sending msg to client activator-d0494295-bcca-46a9-9537-1e37ea21e615: TaskFinished(1,56,None,true,None)
Sending msg to client activator-d0494295-bcca-46a9-9537-1e37ea21e615: TaskFinished(1,58,None,true,None)
Sending msg to client activator-d0494295-bcca-46a9-9537-1e37ea21e615: TaskFinished(1,60,None,true,None)
Sending msg to client activator-d0494295-bcca-46a9-9537-1e37ea21e615: TaskFinished(1,68,None,true,None)
Sending msg to client activator-d0494295-bcca-46a9-9537-1e37ea21e615: TaskFinished(1,78,None,true,None)
Sending msg to client activator-d0494295-bcca-46a9-9537-1e37ea21e615: TaskFinished(1,84,None,true,None)
Sending msg to client activator-d0494295-bcca-46a9-9537-1e37ea21e615: TaskFinished(1,85,None,true,None)
Sending msg to client activator-d0494295-bcca-46a9-9537-1e37ea21e615: TaskFinished(1,12,Some(AttributeKey[sbt.inc.IncOptions]("incOptions") in Scope(Build: file:/home/pk/IdeaProjects/websocket-akka/, , Project: ProjectReference(file:/home/pk/IdeaProjects/websocket-akka/,websocket-akka))),true,None)
Sending msg to client activator-d0494295-bcca-46a9-9537-1e37ea21e615: TaskFinished(1,34,Some(AttributeKey[scala.collection.Seq[sbt.UpdateReport]]("transitiveUpdate") in Scope(Build: file:/home/pk/IdeaProjects/websocket-akka/, , Project: ProjectReference(file:/home/pk/IdeaProjects/websocket-akka/,websocket-akka))),true,None)
Sending msg to client activator-d0494295-bcca-46a9-9537-1e37ea21e615: TaskFinished(1,75,Some(AttributeKey[scala.collection.Seq[java.io.File]]("managedSources") in Scope(Build: file:/home/pk/IdeaProjects/websocket-akka/, , Project: ProjectReference(file:/home/pk/IdeaProjects/websocket-akka/,websocket-akka), Config: compile)),true,None)
Sending msg to client activator-d0494295-bcca-46a9-9537-1e37ea21e615: TaskFinished(1,73,Some(AttributeKey[scala.collection.Seq[java.io.File]]("unmanagedSources") in Scope(Build: file:/home/pk/IdeaProjects/websocket-akka/, , Project: ProjectReference(file:/home/pk/IdeaProjects/websocket-akka/,websocket-akka), Config: compile)),true,None)
Sending msg to client activator-d0494295-bcca-46a9-9537-1e37ea21e615: TaskStarted(1,72,Some(AttributeKey[scala.collection.Seq[java.io.File]]("sources") in Scope(Build: file:/home/pk/IdeaProjects/websocket-akka/, , Project: ProjectReference(file:/home/pk/IdeaProjects/websocket-akka/,websocket-akka), Config: compile)))
Sending msg to client activator-d0494295-bcca-46a9-9537-1e37ea21e615: TaskFinished(1,27,Some(AttributeKey[sbt.Settings[sbt.Scope]]("settingsData") in Scope(Global)),true,None)
Sending msg to client activator-d0494295-bcca-46a9-9537-1e37ea21e615: TaskStarted(1,25,None)
Sending msg to client activator-d0494295-bcca-46a9-9537-1e37ea21e615: TaskStarted(1,44,Some(AttributeKey[scala.collection.immutable.Map[org.apache.ivy.core.module.id.ModuleRevisionId,org.apache.ivy.core.module.descriptor.ModuleDescriptor]]("projectDescriptors") in Scope(Build: file:/home/pk/IdeaProjects/websocket-akka/, , Project: ProjectReference(file:/home/pk/IdeaProjects/websocket-akka/,websocket-akka))))
Sending msg to client activator-d0494295-bcca-46a9-9537-1e37ea21e615: TaskStarted(1,52,Some(AttributeKey[scala.collection.Seq[sbt.ModuleID]]("projectDependencies") in Scope(Build: file:/home/pk/IdeaProjects/websocket-akka/, , Project: ProjectReference(file:/home/pk/IdeaProjects/websocket-akka/,websocket-akka))))
Sending msg to client activator-d0494295-bcca-46a9-9537-1e37ea21e615: TaskStarted(1,57,None)
Sending msg to client activator-d0494295-bcca-46a9-9537-1e37ea21e615: TaskStarted(1,79,Some(AttributeKey[sbt.ScalaInstance]("scalaInstance") in Scope(Build: file:/home/pk/IdeaProjects/websocket-akka/, , Project: ProjectReference(file:/home/pk/IdeaProjects/websocket-akka/,websocket-akka))))
Sending msg to client activator-d0494295-bcca-46a9-9537-1e37ea21e615: TaskStarted(1,82,None)
Sending msg to client activator-d0494295-bcca-46a9-9537-1e37ea21e615: TaskFinished(1,31,Some(AttributeKey[scala.collection.immutable.Map[sbt.ModuleID,sbt.SourcePosition]]("dependencyPositions") in Scope(Build: file:/home/pk/IdeaProjects/websocket-akka/, , Project: ProjectReference(file:/home/pk/IdeaProjects/websocket-akka/,websocket-akka))),true,None)
Sending msg to client activator-d0494295-bcca-46a9-9537-1e37ea21e615: TaskStarted(1,30,Some(AttributeKey[sbt.UnresolvedWarningConfiguration]("unresolvedWarningConfiguration") in Scope(Build: file:/home/pk/IdeaProjects/websocket-akka/, , Project: ProjectReference(file:/home/pk/IdeaProjects/websocket-akka/,websocket-akka), Task: AttributeKey[sbt.UpdateReport]("update"))))
Sending msg to client activator-d0494295-bcca-46a9-9537-1e37ea21e615: TaskFinished(1,72,Some(AttributeKey[scala.collection.Seq[java.io.File]]("sources") in Scope(Build: file:/home/pk/IdeaProjects/websocket-akka/, , Project: ProjectReference(file:/home/pk/IdeaProjects/websocket-akka/,websocket-akka), Config: compile)),true,None)
Sending msg to client activator-d0494295-bcca-46a9-9537-1e37ea21e615: TaskStarted(1,86,None)
Sending msg to client activator-d0494295-bcca-46a9-9537-1e37ea21e615: TaskStarted(1,88,None)
Sending msg to client activator-d0494295-bcca-46a9-9537-1e37ea21e615: TaskFinished(1,52,Some(AttributeKey[scala.collection.Seq[sbt.ModuleID]]("projectDependencies") in Scope(Build: file:/home/pk/IdeaProjects/websocket-akka/, , Project: ProjectReference(file:/home/pk/IdeaProjects/websocket-akka/,websocket-akka))),true,None)
Sending msg to client activator-d0494295-bcca-46a9-9537-1e37ea21e615: TaskStarted(1,51,Some(AttributeKey[scala.collection.Seq[sbt.ModuleID]]("allDependencies") in Scope(Build: file:/home/pk/IdeaProjects/websocket-akka/, , Project: ProjectReference(file:/home/pk/IdeaProjects/websocket-akka/,websocket-akka))))
Sending msg to client activator-d0494295-bcca-46a9-9537-1e37ea21e615: TaskStarted(1,93,None)
Sending msg to client activator-d0494295-bcca-46a9-9537-1e37ea21e615: TaskStarted(1,94,None)
Sending msg to client activator-d0494295-bcca-46a9-9537-1e37ea21e615: TaskStarted(1,96,None)
Sending msg to client activator-d0494295-bcca-46a9-9537-1e37ea21e615: TaskStarted(1,99,None)
Sending msg to client activator-d0494295-bcca-46a9-9537-1e37ea21e615: TaskFinished(1,30,Some(AttributeKey[sbt.UnresolvedWarningConfiguration]("unresolvedWarningConfiguration") in Scope(Build: file:/home/pk/IdeaProjects/websocket-akka/, , Project: ProjectReference(file:/home/pk/IdeaProjects/websocket-akka/,websocket-akka), Task: AttributeKey[sbt.UpdateReport]("update"))),true,None)
Sending msg to client activator-d0494295-bcca-46a9-9537-1e37ea21e615: TaskFinished(1,86,None,true,None)
Sending msg to client activator-d0494295-bcca-46a9-9537-1e37ea21e615: TaskFinished(1,25,None,true,None)
Sending msg to client activator-d0494295-bcca-46a9-9537-1e37ea21e615: TaskFinished(1,88,None,true,None)
Sending msg to client activator-d0494295-bcca-46a9-9537-1e37ea21e615: TaskStarted(1,87,None)
Sending msg to client activator-d0494295-bcca-46a9-9537-1e37ea21e615: TaskFinished(1,51,Some(AttributeKey[scala.collection.Seq[sbt.ModuleID]]("allDependencies") in Scope(Build: file:/home/pk/IdeaProjects/websocket-akka/, , Project: ProjectReference(file:/home/pk/IdeaProjects/websocket-akka/,websocket-akka))),true,None)
Sending msg to client activator-d0494295-bcca-46a9-9537-1e37ea21e615: TaskStarted(1,50,Some(AttributeKey[sbt.ModuleSettings]("moduleSettings") in Scope(Build: file:/home/pk/IdeaProjects/websocket-akka/, , Project: ProjectReference(file:/home/pk/IdeaProjects/websocket-akka/,websocket-akka))))
Sending msg to client activator-d0494295-bcca-46a9-9537-1e37ea21e615: TaskFinished(1,93,None,true,None)
Sending msg to client activator-d0494295-bcca-46a9-9537-1e37ea21e615: TaskFinished(1,94,None,true,None)
Sending msg to client activator-d0494295-bcca-46a9-9537-1e37ea21e615: TaskStarted(1,92,Some(AttributeKey[scala.collection.Seq[sbt.Attributed[java.io.File]]]("unmanagedJars") in Scope(Build: file:/home/pk/IdeaProjects/websocket-akka/, , Project: ProjectReference(file:/home/pk/IdeaProjects/websocket-akka/,websocket-akka), Config: compile)))
Sending msg to client activator-d0494295-bcca-46a9-9537-1e37ea21e615: TaskFinished(1,96,None,true,None)
Sending msg to client activator-d0494295-bcca-46a9-9537-1e37ea21e615: TaskStarted(1,95,None)
Sending msg to client activator-d0494295-bcca-46a9-9537-1e37ea21e615: TaskFinished(1,99,None,true,None)
Sending msg to client activator-d0494295-bcca-46a9-9537-1e37ea21e615: TaskStarted(1,98,None)
Sending msg to client activator-d0494295-bcca-46a9-9537-1e37ea21e615: TaskFinished(1,87,None,true,None)
Sending msg to client activator-d0494295-bcca-46a9-9537-1e37ea21e615: TaskFinished(1,44,Some(AttributeKey[scala.collection.immutable.Map[org.apache.ivy.core.module.id.ModuleRevisionId,org.apache.ivy.core.module.descriptor.ModuleDescriptor]]("projectDescriptors") in Scope(Build: file:/home/pk/IdeaProjects/websocket-akka/, , Project: ProjectReference(file:/home/pk/IdeaProjects/websocket-akka/,websocket-akka))),true,None)
Sending msg to client activator-d0494295-bcca-46a9-9537-1e37ea21e615: TaskStarted(1,43,Some(AttributeKey[sbt.Resolver]("projectResolver") in Scope(Build: file:/home/pk/IdeaProjects/websocket-akka/, , Project: ProjectReference(file:/home/pk/IdeaProjects/websocket-akka/,websocket-akka))))
Sending msg to client activator-d0494295-bcca-46a9-9537-1e37ea21e615: TaskFinished(1,50,Some(AttributeKey[sbt.ModuleSettings]("moduleSettings") in Scope(Build: file:/home/pk/IdeaProjects/websocket-akka/, , Project: ProjectReference(file:/home/pk/IdeaProjects/websocket-akka/,websocket-akka))),true,None)
Sending msg to client activator-d0494295-bcca-46a9-9537-1e37ea21e615: TaskFinished(1,92,Some(AttributeKey[scala.collection.Seq[sbt.Attributed[java.io.File]]]("unmanagedJars") in Scope(Build: file:/home/pk/IdeaProjects/websocket-akka/, , Project: ProjectReference(file:/home/pk/IdeaProjects/websocket-akka/,websocket-akka), Config: compile)),true,None)
Sending msg to client activator-d0494295-bcca-46a9-9537-1e37ea21e615: TaskStarted(1,100,None)
Sending msg to client activator-d0494295-bcca-46a9-9537-1e37ea21e615: TaskFinished(1,98,None,true,None)
Sending msg to client activator-d0494295-bcca-46a9-9537-1e37ea21e615: TaskFinished(1,82,None,true,None)
Sending msg to client activator-d0494295-bcca-46a9-9537-1e37ea21e615: TaskFinished(1,43,Some(AttributeKey[sbt.Resolver]("projectResolver") in Scope(Build: file:/home/pk/IdeaProjects/websocket-akka/, , Project: ProjectReference(file:/home/pk/IdeaProjects/websocket-akka/,websocket-akka))),true,None)
Sending msg to client activator-d0494295-bcca-46a9-9537-1e37ea21e615: TaskStarted(1,41,Some(AttributeKey[scala.collection.Seq[sbt.Resolver]]("fullResolvers") in Scope(Build: file:/home/pk/IdeaProjects/websocket-akka/, , Project: ProjectReference(file:/home/pk/IdeaProjects/websocket-akka/,websocket-akka))))
Sending msg to client activator-d0494295-bcca-46a9-9537-1e37ea21e615: TaskFinished(1,100,None,true,None)
Sending msg to client activator-d0494295-bcca-46a9-9537-1e37ea21e615: TaskFinished(1,95,None,true,None)
Sending msg to client activator-d0494295-bcca-46a9-9537-1e37ea21e615: TaskStarted(1,91,Some(AttributeKey[scala.collection.Seq[sbt.Attributed[java.io.File]]]("unmanagedJars") in Scope(Build: file:/home/pk/IdeaProjects/websocket-akka/, , Project: ProjectReference(file:/home/pk/IdeaProjects/websocket-akka/,websocket-akka), Config: compile)))
Sending msg to client activator-d0494295-bcca-46a9-9537-1e37ea21e615: TaskFinished(1,41,Some(AttributeKey[scala.collection.Seq[sbt.Resolver]]("fullResolvers") in Scope(Build: file:/home/pk/IdeaProjects/websocket-akka/, , Project: ProjectReference(file:/home/pk/IdeaProjects/websocket-akka/,websocket-akka))),true,None)
Sending msg to client activator-d0494295-bcca-46a9-9537-1e37ea21e615: TaskStarted(1,40,Some(AttributeKey[sbt.IvyConfiguration]("ivyConfiguration") in Scope(Build: file:/home/pk/IdeaProjects/websocket-akka/, , Project: ProjectReference(file:/home/pk/IdeaProjects/websocket-akka/,websocket-akka))))
Sending msg to client activator-d0494295-bcca-46a9-9537-1e37ea21e615: TaskFinished(1,91,Some(AttributeKey[scala.collection.Seq[sbt.Attributed[java.io.File]]]("unmanagedJars") in Scope(Build: file:/home/pk/IdeaProjects/websocket-akka/, , Project: ProjectReference(file:/home/pk/IdeaProjects/websocket-akka/,websocket-akka), Config: compile)),true,None)
Sending msg to client activator-d0494295-bcca-46a9-9537-1e37ea21e615: TaskStarted(1,90,None)
Sending msg to client activator-d0494295-bcca-46a9-9537-1e37ea21e615: TaskFinished(1,40,Some(AttributeKey[sbt.IvyConfiguration]("ivyConfiguration") in Scope(Build: file:/home/pk/IdeaProjects/websocket-akka/, , Project: ProjectReference(file:/home/pk/IdeaProjects/websocket-akka/,websocket-akka))),true,None)
Sending msg to client activator-d0494295-bcca-46a9-9537-1e37ea21e615: TaskStarted(1,39,Some(AttributeKey[sbt.IvySbt]("ivySbt") in Scope(Build: file:/home/pk/IdeaProjects/websocket-akka/, , Project: ProjectReference(file:/home/pk/IdeaProjects/websocket-akka/,websocket-akka))))
Sending msg to client activator-d0494295-bcca-46a9-9537-1e37ea21e615: TaskFinished(1,90,None,true,None)
Sending msg to client activator-d0494295-bcca-46a9-9537-1e37ea21e615: TaskStarted(1,89,None)
Sending msg to client activator-d0494295-bcca-46a9-9537-1e37ea21e615: TaskFinished(1,39,Some(AttributeKey[sbt.IvySbt]("ivySbt") in Scope(Build: file:/home/pk/IdeaProjects/websocket-akka/, , Project: ProjectReference(file:/home/pk/IdeaProjects/websocket-akka/,websocket-akka))),true,None)
Sending msg to client activator-d0494295-bcca-46a9-9537-1e37ea21e615: TaskStarted(1,38,Some(AttributeKey[sbt.IvySbt$Module]("ivyModule") in Scope(Build: file:/home/pk/IdeaProjects/websocket-akka/, , Project: ProjectReference(file:/home/pk/IdeaProjects/websocket-akka/,websocket-akka))))
Sending msg to client activator-d0494295-bcca-46a9-9537-1e37ea21e615: TaskFinished(1,89,None,true,None)
Sending msg to client activator-d0494295-bcca-46a9-9537-1e37ea21e615: TaskFinished(1,57,None,true,None)
Sending msg to client activator-d0494295-bcca-46a9-9537-1e37ea21e615: TaskStarted(1,55,Some(AttributeKey[scala.collection.Seq[sbt.Attributed[java.io.File]]]("unmanagedClasspath") in Scope(Build: file:/home/pk/IdeaProjects/websocket-akka/, , Project: ProjectReference(file:/home/pk/IdeaProjects/websocket-akka/,websocket-akka), Config: compile)))
Sending msg to client activator-d0494295-bcca-46a9-9537-1e37ea21e615: TaskFinished(1,38,Some(AttributeKey[sbt.IvySbt$Module]("ivyModule") in Scope(Build: file:/home/pk/IdeaProjects/websocket-akka/, , Project: ProjectReference(file:/home/pk/IdeaProjects/websocket-akka/,websocket-akka))),true,None)
Sending msg to client activator-d0494295-bcca-46a9-9537-1e37ea21e615: TaskStarted(1,24,Some(AttributeKey[sbt.UpdateReport]("update") in Scope(Build: file:/home/pk/IdeaProjects/websocket-akka/, , Project: ProjectReference(file:/home/pk/IdeaProjects/websocket-akka/,websocket-akka))))
Sending msg to client activator-d0494295-bcca-46a9-9537-1e37ea21e615: TaskFinished(1,55,Some(AttributeKey[scala.collection.Seq[sbt.Attributed[java.io.File]]]("unmanagedClasspath") in Scope(Build: file:/home/pk/IdeaProjects/websocket-akka/, , Project: ProjectReference(file:/home/pk/IdeaProjects/websocket-akka/,websocket-akka), Config: compile)),true,None)
Sending msg to client activator-d0494295-bcca-46a9-9537-1e37ea21e615: TaskFinished(1,24,Some(AttributeKey[sbt.UpdateReport]("update") in Scope(Build: file:/home/pk/IdeaProjects/websocket-akka/, , Project: ProjectReference(file:/home/pk/IdeaProjects/websocket-akka/,websocket-akka))),true,None)
Sending msg to client activator-d0494295-bcca-46a9-9537-1e37ea21e615: TaskStarted(1,23,Some(AttributeKey[sbt.UpdateReport]("update") in Scope(Build: file:/home/pk/IdeaProjects/websocket-akka/, , Project: ProjectReference(file:/home/pk/IdeaProjects/websocket-akka/,websocket-akka))))
Sending msg to client activator-d0494295-bcca-46a9-9537-1e37ea21e615: TaskFinished(1,23,Some(AttributeKey[sbt.UpdateReport]("update") in Scope(Build: file:/home/pk/IdeaProjects/websocket-akka/, , Project: ProjectReference(file:/home/pk/IdeaProjects/websocket-akka/,websocket-akka))),true,None)
Sending msg to client activator-d0494295-bcca-46a9-9537-1e37ea21e615: TaskStarted(1,21,Some(AttributeKey[sbt.Configuration]("classpathConfiguration") in Scope(Build: file:/home/pk/IdeaProjects/websocket-akka/, , Project: ProjectReference(file:/home/pk/IdeaProjects/websocket-akka/,websocket-akka), Config: compile)))
Sending msg to client activator-d0494295-bcca-46a9-9537-1e37ea21e615: TaskStarted(1,81,Some(AttributeKey[scala.collection.Seq[java.lang.String]]("scalacOptions") in Scope(Build: file:/home/pk/IdeaProjects/websocket-akka/, , Project: ProjectReference(file:/home/pk/IdeaProjects/websocket-akka/,websocket-akka), Config: compile)))
Sending msg to client activator-d0494295-bcca-46a9-9537-1e37ea21e615: TaskStarted(1,97,None)
Sending msg to client activator-d0494295-bcca-46a9-9537-1e37ea21e615: TaskFinished(1,81,Some(AttributeKey[scala.collection.Seq[java.lang.String]]("scalacOptions") in Scope(Build: file:/home/pk/IdeaProjects/websocket-akka/, , Project: ProjectReference(file:/home/pk/IdeaProjects/websocket-akka/,websocket-akka), Config: compile)),true,None)
Sending msg to client activator-d0494295-bcca-46a9-9537-1e37ea21e615: TaskFinished(1,21,Some(AttributeKey[sbt.Configuration]("classpathConfiguration") in Scope(Build: file:/home/pk/IdeaProjects/websocket-akka/, , Project: ProjectReference(file:/home/pk/IdeaProjects/websocket-akka/,websocket-akka), Config: compile)),true,None)
Sending msg to client activator-d0494295-bcca-46a9-9537-1e37ea21e615: TaskStarted(1,20,None)
Sending msg to client activator-d0494295-bcca-46a9-9537-1e37ea21e615: TaskStarted(1,61,None)
Sending msg to client activator-d0494295-bcca-46a9-9537-1e37ea21e615: TaskStarted(1,103,None)
Sending msg to client activator-d0494295-bcca-46a9-9537-1e37ea21e615: TaskStarted(1,104,None)
Sending msg to client activator-d0494295-bcca-46a9-9537-1e37ea21e615: TaskFinished(1,20,None,true,None)
Sending msg to client activator-d0494295-bcca-46a9-9537-1e37ea21e615: TaskStarted(1,19,Some(AttributeKey[scala.collection.Seq[sbt.Attributed[java.io.File]]]("managedClasspath") in Scope(Build: file:/home/pk/IdeaProjects/websocket-akka/, , Project: ProjectReference(file:/home/pk/IdeaProjects/websocket-akka/,websocket-akka), Config: compile)))
Sending msg to client activator-d0494295-bcca-46a9-9537-1e37ea21e615: TaskFinished(1,97,None,true,None)
Sending msg to client activator-d0494295-bcca-46a9-9537-1e37ea21e615: TaskFinished(1,79,Some(AttributeKey[sbt.ScalaInstance]("scalaInstance") in Scope(Build: file:/home/pk/IdeaProjects/websocket-akka/, , Project: ProjectReference(file:/home/pk/IdeaProjects/websocket-akka/,websocket-akka))),true,None)
Sending msg to client activator-d0494295-bcca-46a9-9537-1e37ea21e615: TaskStarted(1,77,Some(AttributeKey[sbt.Compiler$Compilers]("compilers") in Scope(Global)))
Sending msg to client activator-d0494295-bcca-46a9-9537-1e37ea21e615: TaskFinished(1,103,None,true,None)
Sending msg to client activator-d0494295-bcca-46a9-9537-1e37ea21e615: TaskFinished(1,104,None,true,None)
Sending msg to client activator-d0494295-bcca-46a9-9537-1e37ea21e615: TaskStarted(1,102,None)
Sending msg to client activator-d0494295-bcca-46a9-9537-1e37ea21e615: TaskFinished(1,19,Some(AttributeKey[scala.collection.Seq[sbt.Attributed[java.io.File]]]("managedClasspath") in Scope(Build: file:/home/pk/IdeaProjects/websocket-akka/, , Project: ProjectReference(file:/home/pk/IdeaProjects/websocket-akka/,websocket-akka), Config: compile)),true,None)
Sending msg to client activator-d0494295-bcca-46a9-9537-1e37ea21e615: TaskStarted(1,18,None)
Sending msg to client activator-d0494295-bcca-46a9-9537-1e37ea21e615: TaskFinished(1,77,Some(AttributeKey[sbt.Compiler$Compilers]("compilers") in Scope(Global)),true,None)
Sending msg to client activator-d0494295-bcca-46a9-9537-1e37ea21e615: TaskFinished(1,102,None,true,None)
Sending msg to client activator-d0494295-bcca-46a9-9537-1e37ea21e615: TaskStarted(1,101,None)
Sending msg to client activator-d0494295-bcca-46a9-9537-1e37ea21e615: TaskFinished(1,18,None,true,None)
Sending msg to client activator-d0494295-bcca-46a9-9537-1e37ea21e615: TaskStarted(1,17,Some(AttributeKey[scala.collection.Seq[sbt.Attributed[java.io.File]]]("externalDependencyClasspath") in Scope(Build: file:/home/pk/IdeaProjects/websocket-akka/, , Project: ProjectReference(file:/home/pk/IdeaProjects/websocket-akka/,websocket-akka), Config: compile)))
Sending msg to client activator-d0494295-bcca-46a9-9537-1e37ea21e615: TaskFinished(1,101,None,true,None)
Sending msg to client activator-d0494295-bcca-46a9-9537-1e37ea21e615: TaskFinished(1,61,None,true,None)
Sending msg to client activator-d0494295-bcca-46a9-9537-1e37ea21e615: TaskStarted(1,59,Some(AttributeKey[scala.collection.Seq[sbt.Attributed[java.io.File]]]("internalDependencyClasspath") in Scope(Build: file:/home/pk/IdeaProjects/websocket-akka/, , Project: ProjectReference(file:/home/pk/IdeaProjects/websocket-akka/,websocket-akka), Config: compile)))
Sending msg to client activator-d0494295-bcca-46a9-9537-1e37ea21e615: TaskFinished(1,17,Some(AttributeKey[scala.collection.Seq[sbt.Attributed[java.io.File]]]("externalDependencyClasspath") in Scope(Build: file:/home/pk/IdeaProjects/websocket-akka/, , Project: ProjectReference(file:/home/pk/IdeaProjects/websocket-akka/,websocket-akka), Config: compile)),true,None)
Sending msg to client activator-d0494295-bcca-46a9-9537-1e37ea21e615: TaskFinished(1,59,Some(AttributeKey[scala.collection.Seq[sbt.Attributed[java.io.File]]]("internalDependencyClasspath") in Scope(Build: file:/home/pk/IdeaProjects/websocket-akka/, , Project: ProjectReference(file:/home/pk/IdeaProjects/websocket-akka/,websocket-akka), Config: compile)),true,None)
Sending msg to client activator-d0494295-bcca-46a9-9537-1e37ea21e615: TaskStarted(1,16,None)
Sending msg to client activator-d0494295-bcca-46a9-9537-1e37ea21e615: TaskFinished(1,16,None,true,None)
Sending msg to client activator-d0494295-bcca-46a9-9537-1e37ea21e615: TaskStarted(1,14,Some(AttributeKey[scala.collection.Seq[sbt.Attributed[java.io.File]]]("dependencyClasspath") in Scope(Build: file:/home/pk/IdeaProjects/websocket-akka/, , Project: ProjectReference(file:/home/pk/IdeaProjects/websocket-akka/,websocket-akka), Config: compile)))
Sending msg to client activator-d0494295-bcca-46a9-9537-1e37ea21e615: TaskFinished(1,14,Some(AttributeKey[scala.collection.Seq[sbt.Attributed[java.io.File]]]("dependencyClasspath") in Scope(Build: file:/home/pk/IdeaProjects/websocket-akka/, , Project: ProjectReference(file:/home/pk/IdeaProjects/websocket-akka/,websocket-akka), Config: compile)),true,None)
Sending msg to client activator-d0494295-bcca-46a9-9537-1e37ea21e615: TaskStarted(1,5,Some(AttributeKey[sbt.Compiler$IncSetup]("incCompileSetup") in Scope(Build: file:/home/pk/IdeaProjects/websocket-akka/, , Project: ProjectReference(file:/home/pk/IdeaProjects/websocket-akka/,websocket-akka), Config: compile)))
Sending msg to client activator-d0494295-bcca-46a9-9537-1e37ea21e615: TaskFinished(1,5,Some(AttributeKey[sbt.Compiler$IncSetup]("incCompileSetup") in Scope(Build: file:/home/pk/IdeaProjects/websocket-akka/, , Project: ProjectReference(file:/home/pk/IdeaProjects/websocket-akka/,websocket-akka), Config: compile)),true,None)
Sending msg to client activator-d0494295-bcca-46a9-9537-1e37ea21e615: TaskStarted(1,65,Some(AttributeKey[sbt.Compiler$PreviousAnalysis]("readAnalysis") in Scope(Build: file:/home/pk/IdeaProjects/websocket-akka/, , Project: ProjectReference(file:/home/pk/IdeaProjects/websocket-akka/,websocket-akka), Config: compile)))
Sending msg to client activator-d0494295-bcca-46a9-9537-1e37ea21e615: TaskStarted(1,69,Some(AttributeKey[sbt.Compiler$Inputs]("compileInputs") in Scope(Build: file:/home/pk/IdeaProjects/websocket-akka/, , Project: ProjectReference(file:/home/pk/IdeaProjects/websocket-akka/,websocket-akka), Config: compile, Task: AttributeKey[sbt.inc.Analysis]("compile"))))
Sending msg to client activator-d0494295-bcca-46a9-9537-1e37ea21e615: TaskFinished(1,69,Some(AttributeKey[sbt.Compiler$Inputs]("compileInputs") in Scope(Build: file:/home/pk/IdeaProjects/websocket-akka/, , Project: ProjectReference(file:/home/pk/IdeaProjects/websocket-akka/,websocket-akka), Config: compile, Task: AttributeKey[sbt.inc.Analysis]("compile"))),true,None)
Sending msg to client activator-d0494295-bcca-46a9-9537-1e37ea21e615: TaskStarted(1,66,Some(AttributeKey[scala.Option[xsbti.Reporter]]("compilerReporter") in Scope(Build: file:/home/pk/IdeaProjects/websocket-akka/, , Project: ProjectReference(file:/home/pk/IdeaProjects/websocket-akka/,websocket-akka), Config: compile, Task: AttributeKey[sbt.inc.Analysis]("compile"))))
Sending msg to client activator-d0494295-bcca-46a9-9537-1e37ea21e615: TaskFinished(1,66,Some(AttributeKey[scala.Option[xsbti.Reporter]]("compilerReporter") in Scope(Build: file:/home/pk/IdeaProjects/websocket-akka/, , Project: ProjectReference(file:/home/pk/IdeaProjects/websocket-akka/,websocket-akka), Config: compile, Task: AttributeKey[sbt.inc.Analysis]("compile"))),true,None)
Sending msg to client activator-d0494295-bcca-46a9-9537-1e37ea21e615: TaskFinished(1,65,Some(AttributeKey[sbt.Compiler$PreviousAnalysis]("readAnalysis") in Scope(Build: file:/home/pk/IdeaProjects/websocket-akka/, , Project: ProjectReference(file:/home/pk/IdeaProjects/websocket-akka/,websocket-akka), Config: compile)),true,None)
Sending msg to client activator-d0494295-bcca-46a9-9537-1e37ea21e615: TaskStarted(1,64,Some(AttributeKey[sbt.compiler.IC$Result]("compileIncremental") in Scope(Build: file:/home/pk/IdeaProjects/websocket-akka/, , Project: ProjectReference(file:/home/pk/IdeaProjects/websocket-akka/,websocket-akka), Config: compile)))
Sending msg to client activator-d0494295-bcca-46a9-9537-1e37ea21e615: TaskLogEvent(64,LogMessage(debug,Invalidating /home/pk/IdeaProjects/websocket-akka/target/scala-2.11/classes/com/oktafone/actors/LookupActor.class: stamp changed from lastModified(1457891903000) to lastModified(1457896377000)))
Sending msg to client activator-d0494295-bcca-46a9-9537-1e37ea21e615: TaskLogEvent(64,LogMessage(debug,Invalidating /home/pk/IdeaProjects/websocket-akka/target/scala-2.11/classes/com/oktafone/chat/ChatRooms.class: stamp changed from lastModified(1457891903000) to lastModified(1457896377000)))
Sending msg to client activator-d0494295-bcca-46a9-9537-1e37ea21e615: TaskLogEvent(64,LogMessage(debug,Invalidating /home/pk/.ivy2/cache/com.typesafe.akka/akka-http-core_2.11/jars/akka-http-core_2.11-2.4.2.jar: class akka.http.scaladsl.model.HttpResponse now provided by /home/pk/.ivy2/cache/com.typesafe.akka/akka-http-core-experimental_2.11/jars/akka-http-core-experimental_2.11-2.0.3.jar))
Sending msg to client activator-d0494295-bcca-46a9-9537-1e37ea21e615: TaskLogEvent(64,LogMessage(debug,Invalidating /home/pk/IdeaProjects/websocket-akka/target/scala-2.11/classes/com/oktafone/chat/ChatRoomActor.class: stamp changed from lastModified(1457891903000) to lastModified(1457896377000)))
Sending msg to client activator-d0494295-bcca-46a9-9537-1e37ea21e615: TaskLogEvent(64,LogMessage(debug,Invalidating /home/pk/IdeaProjects/websocket-akka/target/scala-2.11/classes/com/oktafone/actors/SimpleActor.class: stamp changed from lastModified(1457891903000) to lastModified(1457896377000)))
Sending msg to client activator-d0494295-bcca-46a9-9537-1e37ea21e615: TaskLogEvent(64,LogMessage(debug,
Initial source changes: 
	removed:Set(/home/pk/IdeaProjects/websocket-akka/src/main/scala/Boot.scala)
	added: Set(/home/pk/IdeaProjects/websocket-akka/src/main/scala/com/oktafone/Boot.scala)
	modified: Set()
Removed products: Set(/home/pk/IdeaProjects/websocket-akka/target/scala-2.11/classes/com/oktafone/LocalServer$$anonfun$chat$1.class, /home/pk/IdeaProjects/websocket-akka/target/scala-2.11/classes/com/oktafone/actors/LookupActor.class, /home/pk/IdeaProjects/websocket-akka/target/scala-2.11/classes/com/oktafone/chat/ChatRoomActor$$anonfun$receive$1.class, /home/pk/IdeaProjects/websocket-akka/target/scala-2.11/classes/com/oktafone/messages/Messages$LookUp.class, /home/pk/IdeaProjects/websocket-akka/target/scala-2.11/classes/com/oktafone/messages/Messages$Found.class, /home/pk/IdeaProjects/websocket-akka/target/scala-2.11/classes/com/oktafone/chat/events/IncomingMessage.class, /home/pk/IdeaProjects/websocket-akka/target/scala-2.11/classes/com/oktafone/actors/LookupActor$$anonfun$identifying$1.class, /home/pk/IdeaProjects/websocket-akka/target/scala-2.11/classes/com/oktafone/RemoteServer$.class, /home/pk/IdeaProjects/websocket-akka/target/scala-2.11/classes/com/oktafone/LocalServer.class, /home/pk/IdeaProjects/websocket-akka/target/scala-2.11/classes/com/oktafone/actors/SimpleActor$$anonfun$receive$1.class, /home/pk/IdeaProjects/websocket-akka/target/scala-2.11/classes/com/oktafone/chat/ChatRooms.class, /home/pk/IdeaProjects/websocket-akka/target/scala-2.11/classes/com/oktafone/chat/events/ChatMessage.class, /home/pk/IdeaProjects/websocket-akka/target/scala-2.11/classes/com/oktafone/chat/events/SystemMessage$.class, /home/pk/IdeaProjects/websocket-akka/target/scala-2.11/classes/com/oktafone/chat/ChatRoomActor$$anonfun$broadcast$1.class, /home/pk/IdeaProjects/websocket-akka/target/scala-2.11/classes/com/oktafone/chat/ChatRoom$$anonfun$websocketFlow$1$$anonfun$apply$1.class, /home/pk/IdeaProjects/websocket-akka/target/scala-2.11/classes/com/oktafone/LocalServer$delayedInit$body.class, /home/pk/IdeaProjects/websocket-akka/target/scala-2.11/classes/com/oktafone/messages/Messages.class, /home/pk/IdeaProjects/websocket-akka/target/scala-2.11/classes/com/oktafone/chat/events/IncomingMessage$.class, /home/pk/IdeaProjects/websocket-akka/target/scala-2.11/classes/com/oktafone/RemoteServer$$anonfun$greetings$1.class, /home/pk/IdeaProjects/websocket-akka/target/scala-2.11/classes/com/oktafone/chat/ChatRooms$$anonfun$findOrCreate$1.class, /home/pk/IdeaProjects/websocket-akka/target/scala-2.11/classes/com/oktafone/chat/events/UserLeft$.class, /home/pk/IdeaProjects/websocket-akka/target/scala-2.11/classes/com/oktafone/LocalServer$$anonfun$3.class, /home/pk/IdeaProjects/websocket-akka/target/scala-2.11/classes/com/oktafone/messages/Messages$IsFound$.class, /home/pk/IdeaProjects/websocket-akka/target/scala-2.11/classes/com/oktafone/RemoteServer$$anonfun$greetings$1$$anonfun$apply$2.class, /home/pk/IdeaProjects/websocket-akka/target/scala-2.11/classes/com/oktafone/RemoteServer$$anonfun$createRoom$1$$anonfun$apply$4.class, /home/pk/IdeaProjects/websocket-akka/target/scala-2.11/classes/com/oktafone/chat/ChatRoom$$anonfun$websocketFlow$1$$anonfun$apply$1$$anonfun$1.class, /home/pk/IdeaProjects/websocket-akka/target/scala-2.11/classes/com/oktafone/messages/Messages$LookUp$.class, /home/pk/IdeaProjects/websocket-akka/target/scala-2.11/classes/com/oktafone/LocalServer$$anonfun$chat$1$$anonfun$apply$1.class, /home/pk/IdeaProjects/websocket-akka/target/scala-2.11/classes/com/oktafone/messages/Messages$Founder.class, /home/pk/IdeaProjects/websocket-akka/target/scala-2.11/classes/com/oktafone/RemoteServer$$anonfun$greetings$1$$anonfun$apply$2$$anonfun$apply$3.class, /home/pk/IdeaProjects/websocket-akka/target/scala-2.11/classes/com/oktafone/RemoteServer$$anonfun$chatRemote$1.class, /home/pk/IdeaProjects/websocket-akka/target/scala-2.11/classes/com/oktafone/chat/ChatRoom$.class, /home/pk/IdeaProjects/websocket-akka/target/scala-2.11/classes/com/oktafone/RemoteServer$$anonfun$chatRemote$1$$anonfun$apply$5.class, /home/pk/IdeaProjects/websocket-akka/target/scala-2.11/classes/com/oktafone/chat/ChatRooms$$anonfun$createRemote$1.class, /home/pk/IdeaProjects/websocket-akka/target/scala-2.11/classes/com/oktafone/LocalServer$$anonfun$2.class, /home/pk/IdeaProjects/websocket-akka/target/scala-2.11/classes/com/oktafone/chat/events/UserJoined$.class, /home/pk/IdeaProjects/websocket-akka/target/scala-2.11/classes/com/oktafone/chat/ChatRoom$$anonfun$websocketFlow$1.class, /home/pk/IdeaProjects/websocket-akka/target/scala-2.11/classes/com/oktafone/chat/events/ChatEvent.class, /home/pk/IdeaProjects/websocket-akka/target/scala-2.11/classes/com/oktafone/actors/LookupActor$$anonfun$active$1.class, /home/pk/IdeaProjects/websocket-akka/target/scala-2.11/classes/com/oktafone/messages/Messages$Found$.class, /home/pk/IdeaProjects/websocket-akka/target/scala-2.11/classes/com/oktafone/chat/ChatRoom$$anonfun$websocketFlow$1$$anonfun$apply$1$$anonfun$3.class, /home/pk/IdeaProjects/websocket-akka/target/scala-2.11/classes/com/oktafone/LocalServer$$anonfun$1.class, /home/pk/IdeaProjects/websocket-akka/target/scala-2.11/classes/com/oktafone/chat/events/UserJoined.class, /home/pk/IdeaProjects/websocket-akka/target/scala-2.11/classes/com/oktafone/LocalServer$.class, /home/pk/IdeaProjects/websocket-akka/target/scala-2.11/classes/com/oktafone/LocalServer$$anonfun$greetings$1$$anonfun$apply$2.class, /home/pk/IdeaProjects/websocket-akka/target/scala-2.11/classes/com/oktafone/chat/events/ChatMessage$.class, /home/pk/IdeaProjects/websocket-akka/target/scala-2.11/classes/com/oktafone/RemoteServer$$anonfun$chat$1.class, /home/pk/IdeaProjects/websocket-akka/target/scala-2.11/classes/com/oktafone/chat/ChatRoom.class, /home/pk/IdeaProjects/websocket-akka/target/scala-2.11/classes/com/oktafone/LocalServer$$anonfun$chatRemote$1.class, /home/pk/IdeaProjects/websocket-akka/target/scala-2.11/classes/com/oktafone/RemoteServer$$anonfun$2.class, /home/pk/IdeaProjects/websocket-akka/target/scala-2.11/classes/com/oktafone/messages/Messages$NotFound$.class, /home/pk/IdeaProjects/websocket-akka/target/scala-2.11/classes/com/oktafone/LocalServer$$anonfun$chatRemote$1$$anonfun$apply$4.class, /home/pk/IdeaProjects/websocket-akka/target/scala-2.11/classes/com/oktafone/LocalServer$$anonfun$greetings$1$$anonfun$apply$2$$anonfun$apply$3.class, /home/pk/IdeaProjects/websocket-akka/target/scala-2.11/classes/com/oktafone/chat/events/SystemMessage.class, /home/pk/IdeaProjects/websocket-akka/target/scala-2.11/classes/com/oktafone/messages/Messages$Result.class, /home/pk/IdeaProjects/websocket-akka/target/scala-2.11/classes/com/oktafone/chat/ChatRoomActor.class, /home/pk/IdeaProjects/websocket-akka/target/scala-2.11/classes/com/oktafone/RemoteServer$$anonfun$createRoom$1.class, /home/pk/IdeaProjects/websocket-akka/target/scala-2.11/classes/com/oktafone/messages/Messages$.class, /home/pk/IdeaProjects/websocket-akka/target/scala-2.11/classes/com/oktafone/chat/ChatRoom$$anonfun$websocketFlow$1$$anonfun$apply$1$$anonfun$2.class, /home/pk/IdeaProjects/websocket-akka/target/scala-2.11/classes/com/oktafone/LocalServer$$anonfun$greetings$1.class, /home/pk/IdeaProjects/websocket-akka/target/scala-2.11/classes/com/oktafone/messages/Messages$Founder$.class, /home/pk/IdeaProjects/websocket-akka/target/scala-2.11/classes/com/oktafone/RemoteServer.class, /home/pk/IdeaProjects/websocket-akka/target/scala-2.11/classes/com/oktafone/RemoteServer$delayedInit$body.class, /home/pk/IdeaProjects/websocket-akka/target/scala-2.11/classes/com/oktafone/actors/SimpleActor.class, /home/pk/IdeaProjects/websocket-akka/target/scala-2.11/classes/com/oktafone/RemoteServer$$anonfun$1.class, /home/pk/IdeaProjects/websocket-akka/target/scala-2.11/classes/com/oktafone/chat/events/UserLeft.class, /home/pk/IdeaProjects/websocket-akka/target/scala-2.11/classes/com/oktafone/RemoteServer$$anonfun$chat$1$$anonfun$apply$1.class, /home/pk/IdeaProjects/websocket-akka/target/scala-2.11/classes/com/oktafone/chat/ChatRooms$.class)
External API changes: API Changes: Set()
Modified binary dependencies: Set(/home/pk/IdeaProjects/websocket-akka/target/scala-2.11/classes/com/oktafone/actors/LookupActor.class, /home/pk/IdeaProjects/websocket-akka/target/scala-2.11/classes/com/oktafone/chat/ChatRooms.class, /home/pk/.ivy2/cache/com.typesafe.akka/akka-http-core_2.11/jars/akka-http-core_2.11-2.4.2.jar, /home/pk/IdeaProjects/websocket-akka/target/scala-2.11/classes/com/oktafone/chat/ChatRoomActor.class, /home/pk/IdeaProjects/websocket-akka/target/scala-2.11/classes/com/oktafone/actors/SimpleActor.class)
Initial directly invalidated sources: Set(/home/pk/IdeaProjects/websocket-akka/src/main/scala/Boot.scala, /home/pk/IdeaProjects/websocket-akka/src/main/scala/com/oktafone/Boot.scala)

Sources indirectly invalidated by:
	product: Set(/home/pk/IdeaProjects/websocket-akka/src/main/scala/com/oktafone/RemoteServer.scala, /home/pk/IdeaProjects/websocket-akka/src/main/scala/com/oktafone/actors/LookupActor.scala, /home/pk/IdeaProjects/websocket-akka/src/main/scala/com/oktafone/chat/ChatRooms.scala, /home/pk/IdeaProjects/websocket-akka/src/main/scala/com/oktafone/chat/events/ChatEvent.scala, /home/pk/IdeaProjects/websocket-akka/src/main/scala/com/oktafone/actors/SimpleActor.scala, /home/pk/IdeaProjects/websocket-akka/src/main/scala/com/oktafone/LocalServer.scala, /home/pk/IdeaProjects/websocket-akka/src/main/scala/com/oktafone/messages/Messages.scala, /home/pk/IdeaProjects/websocket-akka/src/main/scala/com/oktafone/chat/ChatRoomActor.scala, /home/pk/IdeaProjects/websocket-akka/src/main/scala/com/oktafone/chat/ChatRoom.scala)
	binary dep: Set(/home/pk/IdeaProjects/websocket-akka/src/main/scala/com/oktafone/RemoteServer.scala, /home/pk/IdeaProjects/websocket-akka/src/main/scala/Boot.scala, /home/pk/IdeaProjects/websocket-akka/src/main/scala/com/oktafone/chat/ChatRooms.scala, /home/pk/IdeaProjects/websocket-akka/src/main/scala/com/oktafone/actors/Actors.scala, /home/pk/IdeaProjects/websocket-akka/src/main/scala/com/oktafone/LocalServer.scala, /home/pk/IdeaProjects/websocket-akka/src/main/scala/com/oktafone/chat/ChatRoom.scala)
	external source: Set()))
Sending msg to client activator-d0494295-bcca-46a9-9537-1e37ea21e615: TaskLogEvent(64,LogMessage(debug,All initially invalidated sources: Set(/home/pk/IdeaProjects/websocket-akka/src/main/scala/com/oktafone/RemoteServer.scala, /home/pk/IdeaProjects/websocket-akka/src/main/scala/Boot.scala, /home/pk/IdeaProjects/websocket-akka/src/main/scala/com/oktafone/actors/LookupActor.scala, /home/pk/IdeaProjects/websocket-akka/src/main/scala/com/oktafone/chat/ChatRooms.scala, /home/pk/IdeaProjects/websocket-akka/src/main/scala/com/oktafone/chat/events/ChatEvent.scala, /home/pk/IdeaProjects/websocket-akka/src/main/scala/com/oktafone/actors/SimpleActor.scala, /home/pk/IdeaProjects/websocket-akka/src/main/scala/com/oktafone/actors/Actors.scala, /home/pk/IdeaProjects/websocket-akka/src/main/scala/com/oktafone/LocalServer.scala, /home/pk/IdeaProjects/websocket-akka/src/main/scala/com/oktafone/messages/Messages.scala, /home/pk/IdeaProjects/websocket-akka/src/main/scala/com/oktafone/chat/ChatRoomActor.scala, /home/pk/IdeaProjects/websocket-akka/src/main/scala/com/oktafone/Boot.scala, /home/pk/IdeaProjects/websocket-akka/src/main/scala/com/oktafone/chat/ChatRoom.scala)
))
Sending msg to client activator-d0494295-bcca-46a9-9537-1e37ea21e615: TaskLogEvent(64,LogMessage(debug,Recompiling all 11 sources: invalidated sources (12) exceeded 50.0% of all sources))
Sending msg to client activator-d0494295-bcca-46a9-9537-1e37ea21e615: TaskLogEvent(64,LogMessage(info,Read from stdout: Compiling 11 Scala sources to /home/pk/IdeaProjects/websocket-akka/target/scala-2.11/classes...))
Sending msg to client activator-d0494295-bcca-46a9-9537-1e37ea21e615: TaskLogEvent(64,LogMessage(info,Compiling 11 Scala sources to /home/pk/IdeaProjects/websocket-akka/target/scala-2.11/classes...))
Sending msg to client activator-d0494295-bcca-46a9-9537-1e37ea21e615: TaskLogEvent(64,LogMessage(debug,Getting compiler-interface from component compiler for Scala 2.11.7))
Sending msg to client activator-d0494295-bcca-46a9-9537-1e37ea21e615: TaskLogEvent(64,LogMessage(debug,Other repositories:))
Sending msg to client activator-d0494295-bcca-46a9-9537-1e37ea21e615: TaskLogEvent(64,LogMessage(debug,Default repositories:))
Sending msg to client activator-d0494295-bcca-46a9-9537-1e37ea21e615: TaskLogEvent(64,LogMessage(debug,Getting compiler-interface from component compiler for Scala 2.11.7))
Sending msg to client activator-d0494295-bcca-46a9-9537-1e37ea21e615: TaskLogEvent(64,LogMessage(debug,Other repositories:))
Sending msg to client activator-d0494295-bcca-46a9-9537-1e37ea21e615: TaskLogEvent(64,LogMessage(debug,Default repositories:))
Sending msg to client activator-d0494295-bcca-46a9-9537-1e37ea21e615: TaskLogEvent(64,LogMessage(debug,Running cached compiler 288a71, interfacing (CompilerInterface) with Scala compiler version 2.11.7))
Sending msg to client activator-d0494295-bcca-46a9-9537-1e37ea21e615: TaskLogEvent(64,LogMessage(debug,Calling Scala compiler with arguments  (CompilerInterface):
	-bootclasspath
	/usr/lib/jvm/java-8-oracle/jre/lib/resources.jar:/usr/lib/jvm/java-8-oracle/jre/lib/rt.jar:/usr/lib/jvm/java-8-oracle/jre/lib/sunrsasign.jar:/usr/lib/jvm/java-8-oracle/jre/lib/jsse.jar:/usr/lib/jvm/java-8-oracle/jre/lib/jce.jar:/usr/lib/jvm/java-8-oracle/jre/lib/charsets.jar:/usr/lib/jvm/java-8-oracle/jre/lib/jfr.jar:/usr/lib/jvm/java-8-oracle/jre/classes:/home/pk/.ivy2/cache/org.scala-lang/scala-library/jars/scala-library-2.11.7.jar
	-classpath
	/home/pk/IdeaProjects/websocket-akka/target/scala-2.11/classes:/home/pk/.ivy2/cache/com.typesafe.akka/akka-stream_2.11/jars/akka-stream_2.11-2.4.2.jar:/home/pk/.ivy2/cache/com.typesafe.akka/akka-actor_2.11/jars/akka-actor_2.11-2.4.2.jar:/home/pk/.ivy2/cache/com.typesafe/config/bundles/config-1.3.0.jar:/home/pk/.ivy2/cache/org.scala-lang.modules/scala-java8-compat_2.11/bundles/scala-java8-compat_2.11-0.7.0.jar:/home/pk/.ivy2/cache/com.typesafe/ssl-config-akka_2.11/bundles/ssl-config-akka_2.11-0.1.3.jar:/home/pk/.ivy2/cache/com.typesafe/ssl-config-core_2.11/bundles/ssl-config-core_2.11-0.1.3.jar:/home/pk/.ivy2/cache/org.scala-lang.modules/scala-parser-combinators_2.11/bundles/scala-parser-combinators_2.11-1.0.4.jar:/home/pk/.ivy2/cache/org.reactivestreams/reactive-streams/jars/reactive-streams-1.0.0.jar:/home/pk/.ivy2/cache/com.typesafe.akka/akka-http-core-experimental_2.11/jars/akka-http-core-experimental_2.11-2.0.3.jar:/home/pk/.ivy2/cache/com.typesafe.akka/akka-parsing-experimental_2.11/jars/akka-parsing-experimental_2.11-2.0.3.jar:/home/pk/.ivy2/cache/com.typesafe.akka/akka-stream-experimental_2.11/jars/akka-stream-experimental_2.11-2.0.3.jar:/home/pk/.ivy2/cache/com.typesafe.akka/akka-http-experimental_2.11/jars/akka-http-experimental_2.11-2.4.2.jar:/home/pk/.ivy2/cache/com.typesafe.akka/akka-http-core_2.11/jars/akka-http-core_2.11-2.4.2.jar:/home/pk/.ivy2/cache/com.typesafe.akka/akka-parsing_2.11/jars/akka-parsing_2.11-2.4.2.jar:/home/pk/.ivy2/cache/com.typesafe.akka/akka-cluster_2.11/jars/akka-cluster_2.11-2.4.2.jar:/home/pk/.ivy2/cache/com.typesafe.akka/akka-remote_2.11/jars/akka-remote_2.11-2.4.2.jar:/home/pk/.ivy2/cache/com.typesafe.akka/akka-protobuf_2.11/jars/akka-protobuf_2.11-2.4.2.jar:/home/pk/.ivy2/cache/io.netty/netty/bundles/netty-3.10.3.Final.jar:/home/pk/.ivy2/cache/org.uncommons.maths/uncommons-maths/jars/uncommons-maths-1.2.2a.jar:/home/pk/.ivy2/cache/com.typesafe.akka/akka-cluster-tools_2.11/jars/akka-cluster-tools_2.11-2.4.2.jar))
Got request: UnlistenToEvents()
Reading next message from client.
Sending msg to client activator-d0494295-bcca-46a9-9537-1e37ea21e615: (14,ReceivedResponse())
Got request: UnlistenToValue(AttributeKey[scala.collection.Seq[java.lang.String]]("discoveredMainClasses") in Scope(Build: file:/home/pk/IdeaProjects/websocket-akka/, , Project: ProjectReference(file:/home/pk/IdeaProjects/websocket-akka/,websocket-akka), Config: compile))
Reading next message from client.
Got request: UnlistenToValue(AttributeKey[scala.Option[java.lang.String]]("mainClass") in Scope(Build: file:/home/pk/IdeaProjects/websocket-akka/, , Project: ProjectReference(file:/home/pk/IdeaProjects/websocket-akka/,websocket-akka), Config: compile))
Reading next message from client.
Got request: UnlistenToBuildChange()
Reading next message from client.
Client activator-d0494295-bcca-46a9-9537-1e37ea21e615 EOF, shutting down.
Stopping client.
Dropping message (15,ReceivedResponse()) to dead client activator-d0494295-bcca-46a9-9537-1e37ea21e615
Dropping message (16,ReceivedResponse()) to dead client activator-d0494295-bcca-46a9-9537-1e37ea21e615
Dropping message (17,ReceivedResponse()) to dead client activator-d0494295-bcca-46a9-9537-1e37ea21e615
Dropping message (0,ReceivedResponse()) to dead client activator-d0494295-bcca-46a9-9537-1e37ea21e615
Client activator-d0494295-bcca-46a9-9537-1e37ea21e615 thread exiting.
Dropping message ValueChanged(AttributeKey[scala.collection.Seq[java.lang.String]]("discoveredMainClasses") in Scope(Build: file:/home/pk/IdeaProjects/websocket-akka/, , Project: ProjectReference(file:/home/pk/IdeaProjects/websocket-akka/,websocket-akka), Config: compile),TaskFailure(BuildValue(LazyValue(java.lang.Exception: Task failed node Some(Task((taskDefinitionKey: ScopedKey(Scope(Select(ProjectRef(file:/home/pk/IdeaProjects/websocket-akka/,websocket-akka)),Select(ConfigKey(compile)),Global,Global),compile)))) causes List(Incomplete(node=Some(Task((tags: Map(Tag(compile) -> 1, Tag(cpu) -> 1), taskDefinitionKey: ScopedKey(Scope(Select(ProjectRef(file:/home/pk/IdeaProjects/websocket-akka/,websocket-akka)),Select(ConfigKey(compile)),Global,Global),compileIncremental)))), tpe=Error, msg=None, causes=List(), directCause=Some(Compilation failed))),scala.pickling.PicklerUnpickler$DelegatingPicklerUnpickler@1e857060),java.lang.Exception: Task failed node Some(Task((taskDefinitionKey: ScopedKey(Scope(Select(ProjectRef(file:/home/pk/IdeaProjects/websocket-akka/,websocket-akka)),Select(ConfigKey(compile)),Global,Global),compile)))) causes List(Incomplete(node=Some(Task((tags: Map(Tag(compile) -> 1, Tag(cpu) -> 1), taskDefinitionKey: ScopedKey(Scope(Select(ProjectRef(file:/home/pk/IdeaProjects/websocket-akka/,websocket-akka)),Select(ConfigKey(compile)),Global,Global),compileIncremental)))), tpe=Error, msg=None, causes=List(), directCause=Some(Compilation failed)))))) to dead client activator-d0494295-bcca-46a9-9537-1e37ea21e615
