New log file opened at Sun Mar 13 20:25:26 CET 2016 by 8414@pkpc
Taking next connection to: 46515
New client attempting to connect on port: 38826-46515
  Address = /127.0.1.1:46515
This client on port 38826 has uuid d0494295-bcca-46a9-9537-1e37ea21e615 configName activator humanReadableName Activator protocolVersion 3 featureTags Vector()
Connected Clients: activator-d0494295-bcca-46a9-9537-1e37ea21e615
Taking next connection to: 46515
New client attempting to connect on port: 38828-46515
  Address = /127.0.1.1:46515
Handshake exception on socket: 38828
sbt.impl.ipc.HandshakeException: Unable to perform handshake
	at sbt.impl.ipc.Peer.handshake(IPC.scala:46)
	at sbt.impl.ipc.MultiClientServer.<init>(IPC.scala:150)
	at sbt.server.SbtServerSocketHandler$$anon$1.run(SbtServerSocketHandler.scala:43)
Caused by: java.io.EOFException
	at java.io.DataInputStream.readInt(DataInputStream.java:392)
	at sbt.impl.ipc.Peer.receive(IPC.scala:95)
	at sbt.impl.ipc.Peer.handshake(IPC.scala:49)
	... 2 more
Taking next connection to: 46515
New client attempting to connect on port: 38830-46515
  Address = /127.0.1.1:46515
This client on port 38830 has uuid e7309890-12c3-44b3-b399-c21d9d5d5f7f configName activator humanReadableName Activator protocolVersion 3 featureTags Vector()
Connected Clients: activator-d0494295-bcca-46a9-9537-1e37ea21e615, activator-e7309890-12c3-44b3-b399-c21d9d5d5f7f
Taking next connection to: 46515
