New log file opened at Sun Mar 13 20:25:26 CET 2016 by 8414@pkpc
jvm 8414@pkpc
jvm vmName=Java HotSpot(TM) 64-Bit Server VM vmVendor=Oracle Corporation vmVersion=25.74-b02
jvm specName=Java Virtual Machine Specification specVendor=Oracle Corporation specVersion=1.8
jvm arguments: [-Xms256m, -Xmx1024m, -XX:MetaspaceSize=64m, -XX:MaxMetaspaceSize=256m]
Starting event engine
Starting sbt command engine
Waiting for sbt command engine
Command engine arguments=List()
Command engine baseDirectory=/home/pk/IdeaProjects/websocket-akka
Command engine initial remaining commands List(--initialize, onFailure load-failed, boot, server-send-ready-for-request, server-handle-next-server-request)
> --initialize
> initialize
> onFailure load-failed
> boot
> reload
[Loading] Scanning directory /home/pk/.sbt/0.13/plugins
[Loading] Found non-root projects 
[Loading] Done in /home/pk/.sbt/0.13/plugins, returning: ()
deducing auto plugins based on known facts Set(Atom(sbt.plugins.CorePlugin)) and clauses Clauses(List(Clause(Atom(sbt.plugins.JvmPlugin),Set(Atom(sbt.plugins.IvyPlugin))), Clause(Atom(sbt.plugins.JUnitXmlReportPlugin),Set(Atom(sbt.plugins.JvmPlugin))), Clause(Atom(sbt.plugins.CorePlugin),Set(Atom(sbt.plugins.IvyPlugin))), Clause(Atom(sbt.plugins.IvyPlugin),Set(Atom(sbt.plugins.JvmPlugin))), Clause(Atom(sbt.plugins.JvmPlugin),Set(Atom(sbt.plugins.JUnitXmlReportPlugin)))))
  :: deduced result: Matched(sbt.plugins.CorePlugin,sbt.plugins.IvyPlugin,sbt.plugins.JvmPlugin,sbt.plugins.JUnitXmlReportPlugin)
sorting: ns: List(sbt.plugins.CorePlugin, sbt.plugins.IvyPlugin, sbt.plugins.JvmPlugin, sbt.plugins.JUnitXmlReportPlugin)
  :: sorting:: found: List(sbt.plugins.CorePlugin) not found List(sbt.plugins.IvyPlugin, sbt.plugins.JvmPlugin, sbt.plugins.JUnitXmlReportPlugin)
  :: sorting:: found: List(sbt.plugins.CorePlugin, sbt.plugins.IvyPlugin) not found List(sbt.plugins.JvmPlugin, sbt.plugins.JUnitXmlReportPlugin)
  :: sorting:: found: List(sbt.plugins.CorePlugin, sbt.plugins.IvyPlugin, sbt.plugins.JvmPlugin) not found List(sbt.plugins.JUnitXmlReportPlugin)
  :: sorting:: found: List(sbt.plugins.CorePlugin, sbt.plugins.IvyPlugin, sbt.plugins.JvmPlugin, sbt.plugins.JUnitXmlReportPlugin) not found List()
  :: sorted deduced result: List(sbt.plugins.CorePlugin, sbt.plugins.IvyPlugin, sbt.plugins.JvmPlugin, sbt.plugins.JUnitXmlReportPlugin)
[Loading] Done in /home/pk/.sbt/0.13/plugins, returning: (global-plugins)
Loading global plugins from /home/pk/.sbt/0.13/plugins
Running task... Cancel: sbt.TaskCancellationStrategy$Null$@5284c697, check cycles: false

Initial source changes: 
	removed:Set()
	added: Set()
	modified: Set()
Removed products: Set()
External API changes: API Changes: Set()
Modified binary dependencies: Set()
Initial directly invalidated sources: Set()

Sources indirectly invalidated by:
	product: Set()
	binary dep: Set()
	external source: Set()
All initially invalidated sources: Set()

Copy resource mappings: 
	
Other repositories:
Default repositories:
Using inline dependencies specified in Scala.
[Loading] Scanning directory /home/pk/IdeaProjects/websocket-akka/project
[Loading] Found non-root projects 
[Loading] Done in /home/pk/IdeaProjects/websocket-akka/project, returning: ()
deducing auto plugins based on known facts Set(Atom(sbt.plugins.CorePlugin)) and clauses Clauses(List(Clause(Atom(sbt.plugins.JvmPlugin),Set(Atom(sbt.plugins.IvyPlugin))), Clause(Atom(sbt.plugins.JUnitXmlReportPlugin),Set(Atom(sbt.plugins.JvmPlugin))), Clause(Atom(sbt.plugins.CorePlugin),Set(Atom(sbt.plugins.IvyPlugin))), Clause(Atom(sbt.plugins.IvyPlugin),Set(Atom(sbt.plugins.JvmPlugin))), Clause(Atom(sbt.plugins.JvmPlugin),Set(Atom(sbt.plugins.JUnitXmlReportPlugin)))))
  :: deduced result: Matched(sbt.plugins.CorePlugin,sbt.plugins.IvyPlugin,sbt.plugins.JvmPlugin,sbt.plugins.JUnitXmlReportPlugin)
sorting: ns: List(sbt.plugins.CorePlugin, sbt.plugins.IvyPlugin, sbt.plugins.JvmPlugin, sbt.plugins.JUnitXmlReportPlugin)
  :: sorting:: found: List(sbt.plugins.CorePlugin) not found List(sbt.plugins.IvyPlugin, sbt.plugins.JvmPlugin, sbt.plugins.JUnitXmlReportPlugin)
  :: sorting:: found: List(sbt.plugins.CorePlugin, sbt.plugins.IvyPlugin) not found List(sbt.plugins.JvmPlugin, sbt.plugins.JUnitXmlReportPlugin)
  :: sorting:: found: List(sbt.plugins.CorePlugin, sbt.plugins.IvyPlugin, sbt.plugins.JvmPlugin) not found List(sbt.plugins.JUnitXmlReportPlugin)
  :: sorting:: found: List(sbt.plugins.CorePlugin, sbt.plugins.IvyPlugin, sbt.plugins.JvmPlugin, sbt.plugins.JUnitXmlReportPlugin) not found List()
  :: sorted deduced result: List(sbt.plugins.CorePlugin, sbt.plugins.IvyPlugin, sbt.plugins.JvmPlugin, sbt.plugins.JUnitXmlReportPlugin)
[Loading] Done in /home/pk/IdeaProjects/websocket-akka/project, returning: (websocket-akka-build)
Loading project definition from /home/pk/IdeaProjects/websocket-akka/project
Running task... Cancel: sbt.TaskCancellationStrategy$Null$@5284c697, check cycles: false

Initial source changes: 
	removed:Set()
	added: Set()
	modified: Set()
Removed products: Set()
External API changes: API Changes: Set()
Modified binary dependencies: Set()
Initial directly invalidated sources: Set()

Sources indirectly invalidated by:
	product: Set()
	binary dep: Set()
	external source: Set()
All initially invalidated sources: Set()

Copy resource mappings: 
	
[Loading] Scanning directory /home/pk/IdeaProjects/websocket-akka
[Loading] Found non-root projects 
[Loading] Done in /home/pk/IdeaProjects/websocket-akka, returning: ()
deducing auto plugins based on known facts Set(Atom(sbt.plugins.CorePlugin)) and clauses Clauses(List(Clause(Atom(sbt.plugins.JvmPlugin),Set(Atom(sbt.plugins.IvyPlugin))), Clause(Atom(sbt.plugins.JUnitXmlReportPlugin),Set(Atom(sbt.plugins.JvmPlugin))), Clause(Atom(sbt.plugins.BackgroundRunPlugin),Set(Atom(sbt.plugins.JvmPlugin))), Clause(Atom(sbt.plugins.CorePlugin),Set(Atom(sbt.plugins.IvyPlugin))), Clause(Atom(sbt.plugins.IvyPlugin),Set(Atom(sbt.plugins.JvmPlugin))), Clause(Atom(sbt.plugins.JvmPlugin),Set(Atom(sbt.plugins.JUnitXmlReportPlugin))), Clause(Atom(sbt.plugins.JvmPlugin),Set(Atom(sbt.plugins.BackgroundRunPlugin))), Clause(Atom(sbt.plugins.CorePlugin),Set(Atom(sbt.plugins.InteractionServicePlugin))), Clause(Atom(sbt.plugins.CorePlugin),Set(Atom(sbt.plugins.SendEventServicePlugin))), Clause(Atom(sbt.plugins.CorePlugin),Set(Atom(sbt.plugins.SerializersPlugin)))))
  :: deduced result: Matched(sbt.plugins.CorePlugin,sbt.plugins.SerializersPlugin,sbt.plugins.SendEventServicePlugin,sbt.plugins.InteractionServicePlugin,sbt.plugins.IvyPlugin,sbt.plugins.JvmPlugin,sbt.plugins.BackgroundRunPlugin,sbt.plugins.JUnitXmlReportPlugin)
sorting: ns: List(sbt.plugins.CorePlugin, sbt.plugins.SerializersPlugin, sbt.plugins.SendEventServicePlugin, sbt.plugins.InteractionServicePlugin, sbt.plugins.IvyPlugin, sbt.plugins.JvmPlugin, sbt.plugins.BackgroundRunPlugin, sbt.plugins.JUnitXmlReportPlugin)
  :: sorting:: found: List(sbt.plugins.CorePlugin) not found List(sbt.plugins.SerializersPlugin, sbt.plugins.SendEventServicePlugin, sbt.plugins.InteractionServicePlugin, sbt.plugins.IvyPlugin, sbt.plugins.JvmPlugin, sbt.plugins.BackgroundRunPlugin, sbt.plugins.JUnitXmlReportPlugin)
  :: sorting:: found: List(sbt.plugins.CorePlugin, sbt.plugins.SerializersPlugin, sbt.plugins.SendEventServicePlugin, sbt.plugins.InteractionServicePlugin, sbt.plugins.IvyPlugin) not found List(sbt.plugins.JvmPlugin, sbt.plugins.BackgroundRunPlugin, sbt.plugins.JUnitXmlReportPlugin)
  :: sorting:: found: List(sbt.plugins.CorePlugin, sbt.plugins.SerializersPlugin, sbt.plugins.SendEventServicePlugin, sbt.plugins.InteractionServicePlugin, sbt.plugins.IvyPlugin, sbt.plugins.JvmPlugin) not found List(sbt.plugins.BackgroundRunPlugin, sbt.plugins.JUnitXmlReportPlugin)
  :: sorting:: found: List(sbt.plugins.CorePlugin, sbt.plugins.SerializersPlugin, sbt.plugins.SendEventServicePlugin, sbt.plugins.InteractionServicePlugin, sbt.plugins.IvyPlugin, sbt.plugins.JvmPlugin, sbt.plugins.BackgroundRunPlugin, sbt.plugins.JUnitXmlReportPlugin) not found List()
  :: sorted deduced result: List(sbt.plugins.CorePlugin, sbt.plugins.SerializersPlugin, sbt.plugins.SendEventServicePlugin, sbt.plugins.InteractionServicePlugin, sbt.plugins.IvyPlugin, sbt.plugins.JvmPlugin, sbt.plugins.BackgroundRunPlugin, sbt.plugins.JUnitXmlReportPlugin)
[Loading] Done in /home/pk/IdeaProjects/websocket-akka, returning: (websocket-akka)
Set current project to WebSockets (in build file:/home/pk/IdeaProjects/websocket-akka/)
Reapplying settings...
Set current project to WebSockets (in build file:/home/pk/IdeaProjects/websocket-akka/)
> iflast shell
> server-send-ready-for-request
> server-handle-next-server-request
> {file:/home/pk/IdeaProjects/websocket-akka/}websocket-akka/compile:discoveredMainClasses
Evaluating tasks: compile:discoveredMainClasses
Running task... Cancel: sbt.server.ServerTaskCancellation@6eaa48e, check cycles: false
Invalidating /home/pk/IdeaProjects/websocket-akka/target/scala-2.11/classes/com/oktafone/actors/LookupActor.class: stamp changed from lastModified(1457891903000) to lastModified(1457896377000)
Invalidating /home/pk/IdeaProjects/websocket-akka/target/scala-2.11/classes/com/oktafone/chat/ChatRooms.class: stamp changed from lastModified(1457891903000) to lastModified(1457896377000)
Invalidating /home/pk/.ivy2/cache/com.typesafe.akka/akka-http-core_2.11/jars/akka-http-core_2.11-2.4.2.jar: class akka.http.scaladsl.model.HttpResponse now provided by /home/pk/.ivy2/cache/com.typesafe.akka/akka-http-core-experimental_2.11/jars/akka-http-core-experimental_2.11-2.0.3.jar
Invalidating /home/pk/IdeaProjects/websocket-akka/target/scala-2.11/classes/com/oktafone/chat/ChatRoomActor.class: stamp changed from lastModified(1457891903000) to lastModified(1457896377000)
Invalidating /home/pk/IdeaProjects/websocket-akka/target/scala-2.11/classes/com/oktafone/actors/SimpleActor.class: stamp changed from lastModified(1457891903000) to lastModified(1457896377000)

Initial source changes: 
	removed:Set(/home/pk/IdeaProjects/websocket-akka/src/main/scala/Boot.scala)
	added: Set(/home/pk/IdeaProjects/websocket-akka/src/main/scala/com/oktafone/Boot.scala)
	modified: Set()
Removed products: Set(/home/pk/IdeaProjects/websocket-akka/target/scala-2.11/classes/com/oktafone/LocalServer$$anonfun$chat$1.class, /home/pk/IdeaProjects/websocket-akka/target/scala-2.11/classes/com/oktafone/actors/LookupActor.class, /home/pk/IdeaProjects/websocket-akka/target/scala-2.11/classes/com/oktafone/chat/ChatRoomActor$$anonfun$receive$1.class, /home/pk/IdeaProjects/websocket-akka/target/scala-2.11/classes/com/oktafone/messages/Messages$LookUp.class, /home/pk/IdeaProjects/websocket-akka/target/scala-2.11/classes/com/oktafone/messages/Messages$Found.class, /home/pk/IdeaProjects/websocket-akka/target/scala-2.11/classes/com/oktafone/chat/events/IncomingMessage.class, /home/pk/IdeaProjects/websocket-akka/target/scala-2.11/classes/com/oktafone/actors/LookupActor$$anonfun$identifying$1.class, /home/pk/IdeaProjects/websocket-akka/target/scala-2.11/classes/com/oktafone/RemoteServer$.class, /home/pk/IdeaProjects/websocket-akka/target/scala-2.11/classes/com/oktafone/LocalServer.class, /home/pk/IdeaProjects/websocket-akka/target/scala-2.11/classes/com/oktafone/actors/SimpleActor$$anonfun$receive$1.class, /home/pk/IdeaProjects/websocket-akka/target/scala-2.11/classes/com/oktafone/chat/ChatRooms.class, /home/pk/IdeaProjects/websocket-akka/target/scala-2.11/classes/com/oktafone/chat/events/ChatMessage.class, /home/pk/IdeaProjects/websocket-akka/target/scala-2.11/classes/com/oktafone/chat/events/SystemMessage$.class, /home/pk/IdeaProjects/websocket-akka/target/scala-2.11/classes/com/oktafone/chat/ChatRoomActor$$anonfun$broadcast$1.class, /home/pk/IdeaProjects/websocket-akka/target/scala-2.11/classes/com/oktafone/chat/ChatRoom$$anonfun$websocketFlow$1$$anonfun$apply$1.class, /home/pk/IdeaProjects/websocket-akka/target/scala-2.11/classes/com/oktafone/LocalServer$delayedInit$body.class, /home/pk/IdeaProjects/websocket-akka/target/scala-2.11/classes/com/oktafone/messages/Messages.class, /home/pk/IdeaProjects/websocket-akka/target/scala-2.11/classes/com/oktafone/chat/events/IncomingMessage$.class, /home/pk/IdeaProjects/websocket-akka/target/scala-2.11/classes/com/oktafone/RemoteServer$$anonfun$greetings$1.class, /home/pk/IdeaProjects/websocket-akka/target/scala-2.11/classes/com/oktafone/chat/ChatRooms$$anonfun$findOrCreate$1.class, /home/pk/IdeaProjects/websocket-akka/target/scala-2.11/classes/com/oktafone/chat/events/UserLeft$.class, /home/pk/IdeaProjects/websocket-akka/target/scala-2.11/classes/com/oktafone/LocalServer$$anonfun$3.class, /home/pk/IdeaProjects/websocket-akka/target/scala-2.11/classes/com/oktafone/messages/Messages$IsFound$.class, /home/pk/IdeaProjects/websocket-akka/target/scala-2.11/classes/com/oktafone/RemoteServer$$anonfun$greetings$1$$anonfun$apply$2.class, /home/pk/IdeaProjects/websocket-akka/target/scala-2.11/classes/com/oktafone/RemoteServer$$anonfun$createRoom$1$$anonfun$apply$4.class, /home/pk/IdeaProjects/websocket-akka/target/scala-2.11/classes/com/oktafone/chat/ChatRoom$$anonfun$websocketFlow$1$$anonfun$apply$1$$anonfun$1.class, /home/pk/IdeaProjects/websocket-akka/target/scala-2.11/classes/com/oktafone/messages/Messages$LookUp$.class, /home/pk/IdeaProjects/websocket-akka/target/scala-2.11/classes/com/oktafone/LocalServer$$anonfun$chat$1$$anonfun$apply$1.class, /home/pk/IdeaProjects/websocket-akka/target/scala-2.11/classes/com/oktafone/messages/Messages$Founder.class, /home/pk/IdeaProjects/websocket-akka/target/scala-2.11/classes/com/oktafone/RemoteServer$$anonfun$greetings$1$$anonfun$apply$2$$anonfun$apply$3.class, /home/pk/IdeaProjects/websocket-akka/target/scala-2.11/classes/com/oktafone/RemoteServer$$anonfun$chatRemote$1.class, /home/pk/IdeaProjects/websocket-akka/target/scala-2.11/classes/com/oktafone/chat/ChatRoom$.class, /home/pk/IdeaProjects/websocket-akka/target/scala-2.11/classes/com/oktafone/RemoteServer$$anonfun$chatRemote$1$$anonfun$apply$5.class, /home/pk/IdeaProjects/websocket-akka/target/scala-2.11/classes/com/oktafone/chat/ChatRooms$$anonfun$createRemote$1.class, /home/pk/IdeaProjects/websocket-akka/target/scala-2.11/classes/com/oktafone/LocalServer$$anonfun$2.class, /home/pk/IdeaProjects/websocket-akka/target/scala-2.11/classes/com/oktafone/chat/events/UserJoined$.class, /home/pk/IdeaProjects/websocket-akka/target/scala-2.11/classes/com/oktafone/chat/ChatRoom$$anonfun$websocketFlow$1.class, /home/pk/IdeaProjects/websocket-akka/target/scala-2.11/classes/com/oktafone/chat/events/ChatEvent.class, /home/pk/IdeaProjects/websocket-akka/target/scala-2.11/classes/com/oktafone/actors/LookupActor$$anonfun$active$1.class, /home/pk/IdeaProjects/websocket-akka/target/scala-2.11/classes/com/oktafone/messages/Messages$Found$.class, /home/pk/IdeaProjects/websocket-akka/target/scala-2.11/classes/com/oktafone/chat/ChatRoom$$anonfun$websocketFlow$1$$anonfun$apply$1$$anonfun$3.class, /home/pk/IdeaProjects/websocket-akka/target/scala-2.11/classes/com/oktafone/LocalServer$$anonfun$1.class, /home/pk/IdeaProjects/websocket-akka/target/scala-2.11/classes/com/oktafone/chat/events/UserJoined.class, /home/pk/IdeaProjects/websocket-akka/target/scala-2.11/classes/com/oktafone/LocalServer$.class, /home/pk/IdeaProjects/websocket-akka/target/scala-2.11/classes/com/oktafone/LocalServer$$anonfun$greetings$1$$anonfun$apply$2.class, /home/pk/IdeaProjects/websocket-akka/target/scala-2.11/classes/com/oktafone/chat/events/ChatMessage$.class, /home/pk/IdeaProjects/websocket-akka/target/scala-2.11/classes/com/oktafone/RemoteServer$$anonfun$chat$1.class, /home/pk/IdeaProjects/websocket-akka/target/scala-2.11/classes/com/oktafone/chat/ChatRoom.class, /home/pk/IdeaProjects/websocket-akka/target/scala-2.11/classes/com/oktafone/LocalServer$$anonfun$chatRemote$1.class, /home/pk/IdeaProjects/websocket-akka/target/scala-2.11/classes/com/oktafone/RemoteServer$$anonfun$2.class, /home/pk/IdeaProjects/websocket-akka/target/scala-2.11/classes/com/oktafone/messages/Messages$NotFound$.class, /home/pk/IdeaProjects/websocket-akka/target/scala-2.11/classes/com/oktafone/LocalServer$$anonfun$chatRemote$1$$anonfun$apply$4.class, /home/pk/IdeaProjects/websocket-akka/target/scala-2.11/classes/com/oktafone/LocalServer$$anonfun$greetings$1$$anonfun$apply$2$$anonfun$apply$3.class, /home/pk/IdeaProjects/websocket-akka/target/scala-2.11/classes/com/oktafone/chat/events/SystemMessage.class, /home/pk/IdeaProjects/websocket-akka/target/scala-2.11/classes/com/oktafone/messages/Messages$Result.class, /home/pk/IdeaProjects/websocket-akka/target/scala-2.11/classes/com/oktafone/chat/ChatRoomActor.class, /home/pk/IdeaProjects/websocket-akka/target/scala-2.11/classes/com/oktafone/RemoteServer$$anonfun$createRoom$1.class, /home/pk/IdeaProjects/websocket-akka/target/scala-2.11/classes/com/oktafone/messages/Messages$.class, /home/pk/IdeaProjects/websocket-akka/target/scala-2.11/classes/com/oktafone/chat/ChatRoom$$anonfun$websocketFlow$1$$anonfun$apply$1$$anonfun$2.class, /home/pk/IdeaProjects/websocket-akka/target/scala-2.11/classes/com/oktafone/LocalServer$$anonfun$greetings$1.class, /home/pk/IdeaProjects/websocket-akka/target/scala-2.11/classes/com/oktafone/messages/Messages$Founder$.class, /home/pk/IdeaProjects/websocket-akka/target/scala-2.11/classes/com/oktafone/RemoteServer.class, /home/pk/IdeaProjects/websocket-akka/target/scala-2.11/classes/com/oktafone/RemoteServer$delayedInit$body.class, /home/pk/IdeaProjects/websocket-akka/target/scala-2.11/classes/com/oktafone/actors/SimpleActor.class, /home/pk/IdeaProjects/websocket-akka/target/scala-2.11/classes/com/oktafone/RemoteServer$$anonfun$1.class, /home/pk/IdeaProjects/websocket-akka/target/scala-2.11/classes/com/oktafone/chat/events/UserLeft.class, /home/pk/IdeaProjects/websocket-akka/target/scala-2.11/classes/com/oktafone/RemoteServer$$anonfun$chat$1$$anonfun$apply$1.class, /home/pk/IdeaProjects/websocket-akka/target/scala-2.11/classes/com/oktafone/chat/ChatRooms$.class)
External API changes: API Changes: Set()
Modified binary dependencies: Set(/home/pk/IdeaProjects/websocket-akka/target/scala-2.11/classes/com/oktafone/actors/LookupActor.class, /home/pk/IdeaProjects/websocket-akka/target/scala-2.11/classes/com/oktafone/chat/ChatRooms.class, /home/pk/.ivy2/cache/com.typesafe.akka/akka-http-core_2.11/jars/akka-http-core_2.11-2.4.2.jar, /home/pk/IdeaProjects/websocket-akka/target/scala-2.11/classes/com/oktafone/chat/ChatRoomActor.class, /home/pk/IdeaProjects/websocket-akka/target/scala-2.11/classes/com/oktafone/actors/SimpleActor.class)
Initial directly invalidated sources: Set(/home/pk/IdeaProjects/websocket-akka/src/main/scala/Boot.scala, /home/pk/IdeaProjects/websocket-akka/src/main/scala/com/oktafone/Boot.scala)

Sources indirectly invalidated by:
	product: Set(/home/pk/IdeaProjects/websocket-akka/src/main/scala/com/oktafone/RemoteServer.scala, /home/pk/IdeaProjects/websocket-akka/src/main/scala/com/oktafone/actors/LookupActor.scala, /home/pk/IdeaProjects/websocket-akka/src/main/scala/com/oktafone/chat/ChatRooms.scala, /home/pk/IdeaProjects/websocket-akka/src/main/scala/com/oktafone/chat/events/ChatEvent.scala, /home/pk/IdeaProjects/websocket-akka/src/main/scala/com/oktafone/actors/SimpleActor.scala, /home/pk/IdeaProjects/websocket-akka/src/main/scala/com/oktafone/LocalServer.scala, /home/pk/IdeaProjects/websocket-akka/src/main/scala/com/oktafone/messages/Messages.scala, /home/pk/IdeaProjects/websocket-akka/src/main/scala/com/oktafone/chat/ChatRoomActor.scala, /home/pk/IdeaProjects/websocket-akka/src/main/scala/com/oktafone/chat/ChatRoom.scala)
	binary dep: Set(/home/pk/IdeaProjects/websocket-akka/src/main/scala/com/oktafone/RemoteServer.scala, /home/pk/IdeaProjects/websocket-akka/src/main/scala/Boot.scala, /home/pk/IdeaProjects/websocket-akka/src/main/scala/com/oktafone/chat/ChatRooms.scala, /home/pk/IdeaProjects/websocket-akka/src/main/scala/com/oktafone/actors/Actors.scala, /home/pk/IdeaProjects/websocket-akka/src/main/scala/com/oktafone/LocalServer.scala, /home/pk/IdeaProjects/websocket-akka/src/main/scala/com/oktafone/chat/ChatRoom.scala)
	external source: Set()
All initially invalidated sources: Set(/home/pk/IdeaProjects/websocket-akka/src/main/scala/com/oktafone/RemoteServer.scala, /home/pk/IdeaProjects/websocket-akka/src/main/scala/Boot.scala, /home/pk/IdeaProjects/websocket-akka/src/main/scala/com/oktafone/actors/LookupActor.scala, /home/pk/IdeaProjects/websocket-akka/src/main/scala/com/oktafone/chat/ChatRooms.scala, /home/pk/IdeaProjects/websocket-akka/src/main/scala/com/oktafone/chat/events/ChatEvent.scala, /home/pk/IdeaProjects/websocket-akka/src/main/scala/com/oktafone/actors/SimpleActor.scala, /home/pk/IdeaProjects/websocket-akka/src/main/scala/com/oktafone/actors/Actors.scala, /home/pk/IdeaProjects/websocket-akka/src/main/scala/com/oktafone/LocalServer.scala, /home/pk/IdeaProjects/websocket-akka/src/main/scala/com/oktafone/messages/Messages.scala, /home/pk/IdeaProjects/websocket-akka/src/main/scala/com/oktafone/chat/ChatRoomActor.scala, /home/pk/IdeaProjects/websocket-akka/src/main/scala/com/oktafone/Boot.scala, /home/pk/IdeaProjects/websocket-akka/src/main/scala/com/oktafone/chat/ChatRoom.scala)

Recompiling all 11 sources: invalidated sources (12) exceeded 50.0% of all sources
Read from stdout: Compiling 11 Scala sources to /home/pk/IdeaProjects/websocket-akka/target/scala-2.11/classes...
Compiling 11 Scala sources to /home/pk/IdeaProjects/websocket-akka/target/scala-2.11/classes...
Getting compiler-interface from component compiler for Scala 2.11.7
Other repositories:
Default repositories:
Getting compiler-interface from component compiler for Scala 2.11.7
Other repositories:
Default repositories:
Running cached compiler 288a71, interfacing (CompilerInterface) with Scala compiler version 2.11.7
Calling Scala compiler with arguments  (CompilerInterface):
	-bootclasspath
	/usr/lib/jvm/java-8-oracle/jre/lib/resources.jar:/usr/lib/jvm/java-8-oracle/jre/lib/rt.jar:/usr/lib/jvm/java-8-oracle/jre/lib/sunrsasign.jar:/usr/lib/jvm/java-8-oracle/jre/lib/jsse.jar:/usr/lib/jvm/java-8-oracle/jre/lib/jce.jar:/usr/lib/jvm/java-8-oracle/jre/lib/charsets.jar:/usr/lib/jvm/java-8-oracle/jre/lib/jfr.jar:/usr/lib/jvm/java-8-oracle/jre/classes:/home/pk/.ivy2/cache/org.scala-lang/scala-library/jars/scala-library-2.11.7.jar
	-classpath
	/home/pk/IdeaProjects/websocket-akka/target/scala-2.11/classes:/home/pk/.ivy2/cache/com.typesafe.akka/akka-stream_2.11/jars/akka-stream_2.11-2.4.2.jar:/home/pk/.ivy2/cache/com.typesafe.akka/akka-actor_2.11/jars/akka-actor_2.11-2.4.2.jar:/home/pk/.ivy2/cache/com.typesafe/config/bundles/config-1.3.0.jar:/home/pk/.ivy2/cache/org.scala-lang.modules/scala-java8-compat_2.11/bundles/scala-java8-compat_2.11-0.7.0.jar:/home/pk/.ivy2/cache/com.typesafe/ssl-config-akka_2.11/bundles/ssl-config-akka_2.11-0.1.3.jar:/home/pk/.ivy2/cache/com.typesafe/ssl-config-core_2.11/bundles/ssl-config-core_2.11-0.1.3.jar:/home/pk/.ivy2/cache/org.scala-lang.modules/scala-parser-combinators_2.11/bundles/scala-parser-combinators_2.11-1.0.4.jar:/home/pk/.ivy2/cache/org.reactivestreams/reactive-streams/jars/reactive-streams-1.0.0.jar:/home/pk/.ivy2/cache/com.typesafe.akka/akka-http-core-experimental_2.11/jars/akka-http-core-experimental_2.11-2.0.3.jar:/home/pk/.ivy2/cache/com.typesafe.akka/akka-parsing-experimental_2.11/jars/akka-parsing-experimental_2.11-2.0.3.jar:/home/pk/.ivy2/cache/com.typesafe.akka/akka-stream-experimental_2.11/jars/akka-stream-experimental_2.11-2.0.3.jar:/home/pk/.ivy2/cache/com.typesafe.akka/akka-http-experimental_2.11/jars/akka-http-experimental_2.11-2.4.2.jar:/home/pk/.ivy2/cache/com.typesafe.akka/akka-http-core_2.11/jars/akka-http-core_2.11-2.4.2.jar:/home/pk/.ivy2/cache/com.typesafe.akka/akka-parsing_2.11/jars/akka-parsing_2.11-2.4.2.jar:/home/pk/.ivy2/cache/com.typesafe.akka/akka-cluster_2.11/jars/akka-cluster_2.11-2.4.2.jar:/home/pk/.ivy2/cache/com.typesafe.akka/akka-remote_2.11/jars/akka-remote_2.11-2.4.2.jar:/home/pk/.ivy2/cache/com.typesafe.akka/akka-protobuf_2.11/jars/akka-protobuf_2.11-2.4.2.jar:/home/pk/.ivy2/cache/io.netty/netty/bundles/netty-3.10.3.Final.jar:/home/pk/.ivy2/cache/org.uncommons.maths/uncommons-maths/jars/uncommons-maths-1.2.2a.jar:/home/pk/.ivy2/cache/com.typesafe.akka/akka-cluster-tools_2.11/jars/akka-cluster-tools_2.11-2.4.2.jar
Read from stdout: /home/pk/IdeaProjects/websocket-akka/src/main/scala/com/oktafone/Boot.scala:61: not found: value ActorFlow
/home/pk/IdeaProjects/websocket-akka/src/main/scala/com/oktafone/Boot.scala:61: not found: value ActorFlow
Read from stdout: handleWebSocketMessages(ActorFlow)
      handleWebSocketMessages(ActorFlow)
Read from stdout: ^
                              ^
Read from stdout: one error found
one error found
Compilation failed (CompilerInterface)
Read from stdout: (compile:compileIncremental) Compilation failed
(compile:compileIncremental) Compilation failed
Total time: 3 s, completed Mar 13, 2016 8:25:33 PM
> server-post-command-error-handler
> server-post-command-cleanup
> server-handle-next-server-request
> {file:/home/pk/IdeaProjects/websocket-akka/}websocket-akka/compile:discoveredMainClasses
Evaluating tasks: compile:discoveredMainClasses
Running task... Cancel: sbt.server.ServerTaskCancellation@37da8e3, check cycles: false
Invalidating /home/pk/IdeaProjects/websocket-akka/target/scala-2.11/classes/com/oktafone/actors/LookupActor.class: stamp changed from lastModified(1457891903000) to lastModified(1457896377000)
Invalidating /home/pk/IdeaProjects/websocket-akka/target/scala-2.11/classes/com/oktafone/chat/ChatRooms.class: stamp changed from lastModified(1457891903000) to lastModified(1457896377000)
Invalidating /home/pk/.ivy2/cache/com.typesafe.akka/akka-http-core_2.11/jars/akka-http-core_2.11-2.4.2.jar: class akka.http.scaladsl.model.HttpResponse now provided by /home/pk/.ivy2/cache/com.typesafe.akka/akka-http-core-experimental_2.11/jars/akka-http-core-experimental_2.11-2.0.3.jar
Invalidating /home/pk/IdeaProjects/websocket-akka/target/scala-2.11/classes/com/oktafone/chat/ChatRoomActor.class: stamp changed from lastModified(1457891903000) to lastModified(1457896377000)
Invalidating /home/pk/IdeaProjects/websocket-akka/target/scala-2.11/classes/com/oktafone/actors/SimpleActor.class: stamp changed from lastModified(1457891903000) to lastModified(1457896377000)

Initial source changes: 
	removed:Set(/home/pk/IdeaProjects/websocket-akka/src/main/scala/Boot.scala)
	added: Set(/home/pk/IdeaProjects/websocket-akka/src/main/scala/com/oktafone/Boot.scala)
	modified: Set()
Removed products: Set(/home/pk/IdeaProjects/websocket-akka/target/scala-2.11/classes/com/oktafone/LocalServer$$anonfun$chat$1.class, /home/pk/IdeaProjects/websocket-akka/target/scala-2.11/classes/com/oktafone/actors/LookupActor.class, /home/pk/IdeaProjects/websocket-akka/target/scala-2.11/classes/com/oktafone/chat/ChatRoomActor$$anonfun$receive$1.class, /home/pk/IdeaProjects/websocket-akka/target/scala-2.11/classes/com/oktafone/messages/Messages$LookUp.class, /home/pk/IdeaProjects/websocket-akka/target/scala-2.11/classes/com/oktafone/messages/Messages$Found.class, /home/pk/IdeaProjects/websocket-akka/target/scala-2.11/classes/com/oktafone/chat/events/IncomingMessage.class, /home/pk/IdeaProjects/websocket-akka/target/scala-2.11/classes/com/oktafone/actors/LookupActor$$anonfun$identifying$1.class, /home/pk/IdeaProjects/websocket-akka/target/scala-2.11/classes/com/oktafone/RemoteServer$.class, /home/pk/IdeaProjects/websocket-akka/target/scala-2.11/classes/com/oktafone/LocalServer.class, /home/pk/IdeaProjects/websocket-akka/target/scala-2.11/classes/com/oktafone/actors/SimpleActor$$anonfun$receive$1.class, /home/pk/IdeaProjects/websocket-akka/target/scala-2.11/classes/com/oktafone/chat/ChatRooms.class, /home/pk/IdeaProjects/websocket-akka/target/scala-2.11/classes/com/oktafone/chat/events/ChatMessage.class, /home/pk/IdeaProjects/websocket-akka/target/scala-2.11/classes/com/oktafone/chat/events/SystemMessage$.class, /home/pk/IdeaProjects/websocket-akka/target/scala-2.11/classes/com/oktafone/chat/ChatRoomActor$$anonfun$broadcast$1.class, /home/pk/IdeaProjects/websocket-akka/target/scala-2.11/classes/com/oktafone/chat/ChatRoom$$anonfun$websocketFlow$1$$anonfun$apply$1.class, /home/pk/IdeaProjects/websocket-akka/target/scala-2.11/classes/com/oktafone/LocalServer$delayedInit$body.class, /home/pk/IdeaProjects/websocket-akka/target/scala-2.11/classes/com/oktafone/messages/Messages.class, /home/pk/IdeaProjects/websocket-akka/target/scala-2.11/classes/com/oktafone/chat/events/IncomingMessage$.class, /home/pk/IdeaProjects/websocket-akka/target/scala-2.11/classes/com/oktafone/RemoteServer$$anonfun$greetings$1.class, /home/pk/IdeaProjects/websocket-akka/target/scala-2.11/classes/com/oktafone/chat/ChatRooms$$anonfun$findOrCreate$1.class, /home/pk/IdeaProjects/websocket-akka/target/scala-2.11/classes/com/oktafone/chat/events/UserLeft$.class, /home/pk/IdeaProjects/websocket-akka/target/scala-2.11/classes/com/oktafone/LocalServer$$anonfun$3.class, /home/pk/IdeaProjects/websocket-akka/target/scala-2.11/classes/com/oktafone/messages/Messages$IsFound$.class, /home/pk/IdeaProjects/websocket-akka/target/scala-2.11/classes/com/oktafone/RemoteServer$$anonfun$greetings$1$$anonfun$apply$2.class, /home/pk/IdeaProjects/websocket-akka/target/scala-2.11/classes/com/oktafone/RemoteServer$$anonfun$createRoom$1$$anonfun$apply$4.class, /home/pk/IdeaProjects/websocket-akka/target/scala-2.11/classes/com/oktafone/chat/ChatRoom$$anonfun$websocketFlow$1$$anonfun$apply$1$$anonfun$1.class, /home/pk/IdeaProjects/websocket-akka/target/scala-2.11/classes/com/oktafone/messages/Messages$LookUp$.class, /home/pk/IdeaProjects/websocket-akka/target/scala-2.11/classes/com/oktafone/LocalServer$$anonfun$chat$1$$anonfun$apply$1.class, /home/pk/IdeaProjects/websocket-akka/target/scala-2.11/classes/com/oktafone/messages/Messages$Founder.class, /home/pk/IdeaProjects/websocket-akka/target/scala-2.11/classes/com/oktafone/RemoteServer$$anonfun$greetings$1$$anonfun$apply$2$$anonfun$apply$3.class, /home/pk/IdeaProjects/websocket-akka/target/scala-2.11/classes/com/oktafone/RemoteServer$$anonfun$chatRemote$1.class, /home/pk/IdeaProjects/websocket-akka/target/scala-2.11/classes/com/oktafone/chat/ChatRoom$.class, /home/pk/IdeaProjects/websocket-akka/target/scala-2.11/classes/com/oktafone/RemoteServer$$anonfun$chatRemote$1$$anonfun$apply$5.class, /home/pk/IdeaProjects/websocket-akka/target/scala-2.11/classes/com/oktafone/chat/ChatRooms$$anonfun$createRemote$1.class, /home/pk/IdeaProjects/websocket-akka/target/scala-2.11/classes/com/oktafone/LocalServer$$anonfun$2.class, /home/pk/IdeaProjects/websocket-akka/target/scala-2.11/classes/com/oktafone/chat/events/UserJoined$.class, /home/pk/IdeaProjects/websocket-akka/target/scala-2.11/classes/com/oktafone/chat/ChatRoom$$anonfun$websocketFlow$1.class, /home/pk/IdeaProjects/websocket-akka/target/scala-2.11/classes/com/oktafone/chat/events/ChatEvent.class, /home/pk/IdeaProjects/websocket-akka/target/scala-2.11/classes/com/oktafone/actors/LookupActor$$anonfun$active$1.class, /home/pk/IdeaProjects/websocket-akka/target/scala-2.11/classes/com/oktafone/messages/Messages$Found$.class, /home/pk/IdeaProjects/websocket-akka/target/scala-2.11/classes/com/oktafone/chat/ChatRoom$$anonfun$websocketFlow$1$$anonfun$apply$1$$anonfun$3.class, /home/pk/IdeaProjects/websocket-akka/target/scala-2.11/classes/com/oktafone/LocalServer$$anonfun$1.class, /home/pk/IdeaProjects/websocket-akka/target/scala-2.11/classes/com/oktafone/chat/events/UserJoined.class, /home/pk/IdeaProjects/websocket-akka/target/scala-2.11/classes/com/oktafone/LocalServer$.class, /home/pk/IdeaProjects/websocket-akka/target/scala-2.11/classes/com/oktafone/LocalServer$$anonfun$greetings$1$$anonfun$apply$2.class, /home/pk/IdeaProjects/websocket-akka/target/scala-2.11/classes/com/oktafone/chat/events/ChatMessage$.class, /home/pk/IdeaProjects/websocket-akka/target/scala-2.11/classes/com/oktafone/RemoteServer$$anonfun$chat$1.class, /home/pk/IdeaProjects/websocket-akka/target/scala-2.11/classes/com/oktafone/chat/ChatRoom.class, /home/pk/IdeaProjects/websocket-akka/target/scala-2.11/classes/com/oktafone/LocalServer$$anonfun$chatRemote$1.class, /home/pk/IdeaProjects/websocket-akka/target/scala-2.11/classes/com/oktafone/RemoteServer$$anonfun$2.class, /home/pk/IdeaProjects/websocket-akka/target/scala-2.11/classes/com/oktafone/messages/Messages$NotFound$.class, /home/pk/IdeaProjects/websocket-akka/target/scala-2.11/classes/com/oktafone/LocalServer$$anonfun$chatRemote$1$$anonfun$apply$4.class, /home/pk/IdeaProjects/websocket-akka/target/scala-2.11/classes/com/oktafone/LocalServer$$anonfun$greetings$1$$anonfun$apply$2$$anonfun$apply$3.class, /home/pk/IdeaProjects/websocket-akka/target/scala-2.11/classes/com/oktafone/chat/events/SystemMessage.class, /home/pk/IdeaProjects/websocket-akka/target/scala-2.11/classes/com/oktafone/messages/Messages$Result.class, /home/pk/IdeaProjects/websocket-akka/target/scala-2.11/classes/com/oktafone/chat/ChatRoomActor.class, /home/pk/IdeaProjects/websocket-akka/target/scala-2.11/classes/com/oktafone/RemoteServer$$anonfun$createRoom$1.class, /home/pk/IdeaProjects/websocket-akka/target/scala-2.11/classes/com/oktafone/messages/Messages$.class, /home/pk/IdeaProjects/websocket-akka/target/scala-2.11/classes/com/oktafone/chat/ChatRoom$$anonfun$websocketFlow$1$$anonfun$apply$1$$anonfun$2.class, /home/pk/IdeaProjects/websocket-akka/target/scala-2.11/classes/com/oktafone/LocalServer$$anonfun$greetings$1.class, /home/pk/IdeaProjects/websocket-akka/target/scala-2.11/classes/com/oktafone/messages/Messages$Founder$.class, /home/pk/IdeaProjects/websocket-akka/target/scala-2.11/classes/com/oktafone/RemoteServer.class, /home/pk/IdeaProjects/websocket-akka/target/scala-2.11/classes/com/oktafone/RemoteServer$delayedInit$body.class, /home/pk/IdeaProjects/websocket-akka/target/scala-2.11/classes/com/oktafone/actors/SimpleActor.class, /home/pk/IdeaProjects/websocket-akka/target/scala-2.11/classes/com/oktafone/RemoteServer$$anonfun$1.class, /home/pk/IdeaProjects/websocket-akka/target/scala-2.11/classes/com/oktafone/chat/events/UserLeft.class, /home/pk/IdeaProjects/websocket-akka/target/scala-2.11/classes/com/oktafone/RemoteServer$$anonfun$chat$1$$anonfun$apply$1.class, /home/pk/IdeaProjects/websocket-akka/target/scala-2.11/classes/com/oktafone/chat/ChatRooms$.class)
External API changes: API Changes: Set()
Modified binary dependencies: Set(/home/pk/IdeaProjects/websocket-akka/target/scala-2.11/classes/com/oktafone/actors/LookupActor.class, /home/pk/IdeaProjects/websocket-akka/target/scala-2.11/classes/com/oktafone/chat/ChatRooms.class, /home/pk/.ivy2/cache/com.typesafe.akka/akka-http-core_2.11/jars/akka-http-core_2.11-2.4.2.jar, /home/pk/IdeaProjects/websocket-akka/target/scala-2.11/classes/com/oktafone/chat/ChatRoomActor.class, /home/pk/IdeaProjects/websocket-akka/target/scala-2.11/classes/com/oktafone/actors/SimpleActor.class)
Initial directly invalidated sources: Set(/home/pk/IdeaProjects/websocket-akka/src/main/scala/Boot.scala, /home/pk/IdeaProjects/websocket-akka/src/main/scala/com/oktafone/Boot.scala)

Sources indirectly invalidated by:
	product: Set(/home/pk/IdeaProjects/websocket-akka/src/main/scala/com/oktafone/RemoteServer.scala, /home/pk/IdeaProjects/websocket-akka/src/main/scala/com/oktafone/actors/LookupActor.scala, /home/pk/IdeaProjects/websocket-akka/src/main/scala/com/oktafone/chat/ChatRooms.scala, /home/pk/IdeaProjects/websocket-akka/src/main/scala/com/oktafone/chat/events/ChatEvent.scala, /home/pk/IdeaProjects/websocket-akka/src/main/scala/com/oktafone/actors/SimpleActor.scala, /home/pk/IdeaProjects/websocket-akka/src/main/scala/com/oktafone/LocalServer.scala, /home/pk/IdeaProjects/websocket-akka/src/main/scala/com/oktafone/messages/Messages.scala, /home/pk/IdeaProjects/websocket-akka/src/main/scala/com/oktafone/chat/ChatRoomActor.scala, /home/pk/IdeaProjects/websocket-akka/src/main/scala/com/oktafone/chat/ChatRoom.scala)
	binary dep: Set(/home/pk/IdeaProjects/websocket-akka/src/main/scala/com/oktafone/RemoteServer.scala, /home/pk/IdeaProjects/websocket-akka/src/main/scala/Boot.scala, /home/pk/IdeaProjects/websocket-akka/src/main/scala/com/oktafone/chat/ChatRooms.scala, /home/pk/IdeaProjects/websocket-akka/src/main/scala/com/oktafone/actors/Actors.scala, /home/pk/IdeaProjects/websocket-akka/src/main/scala/com/oktafone/LocalServer.scala, /home/pk/IdeaProjects/websocket-akka/src/main/scala/com/oktafone/chat/ChatRoom.scala)
	external source: Set()
All initially invalidated sources: Set(/home/pk/IdeaProjects/websocket-akka/src/main/scala/com/oktafone/RemoteServer.scala, /home/pk/IdeaProjects/websocket-akka/src/main/scala/Boot.scala, /home/pk/IdeaProjects/websocket-akka/src/main/scala/com/oktafone/actors/LookupActor.scala, /home/pk/IdeaProjects/websocket-akka/src/main/scala/com/oktafone/chat/ChatRooms.scala, /home/pk/IdeaProjects/websocket-akka/src/main/scala/com/oktafone/chat/events/ChatEvent.scala, /home/pk/IdeaProjects/websocket-akka/src/main/scala/com/oktafone/actors/SimpleActor.scala, /home/pk/IdeaProjects/websocket-akka/src/main/scala/com/oktafone/actors/Actors.scala, /home/pk/IdeaProjects/websocket-akka/src/main/scala/com/oktafone/LocalServer.scala, /home/pk/IdeaProjects/websocket-akka/src/main/scala/com/oktafone/messages/Messages.scala, /home/pk/IdeaProjects/websocket-akka/src/main/scala/com/oktafone/chat/ChatRoomActor.scala, /home/pk/IdeaProjects/websocket-akka/src/main/scala/com/oktafone/Boot.scala, /home/pk/IdeaProjects/websocket-akka/src/main/scala/com/oktafone/chat/ChatRoom.scala)

Recompiling all 11 sources: invalidated sources (12) exceeded 50.0% of all sources
Read from stdout: Compiling 11 Scala sources to /home/pk/IdeaProjects/websocket-akka/target/scala-2.11/classes...
Compiling 11 Scala sources to /home/pk/IdeaProjects/websocket-akka/target/scala-2.11/classes...
Getting compiler-interface from component compiler for Scala 2.11.7
Other repositories:
Default repositories:
Getting compiler-interface from component compiler for Scala 2.11.7
Other repositories:
Default repositories:
Running cached compiler 5beba5df, interfacing (CompilerInterface) with Scala compiler version 2.11.7
Calling Scala compiler with arguments  (CompilerInterface):
	-bootclasspath
	/usr/lib/jvm/java-8-oracle/jre/lib/resources.jar:/usr/lib/jvm/java-8-oracle/jre/lib/rt.jar:/usr/lib/jvm/java-8-oracle/jre/lib/sunrsasign.jar:/usr/lib/jvm/java-8-oracle/jre/lib/jsse.jar:/usr/lib/jvm/java-8-oracle/jre/lib/jce.jar:/usr/lib/jvm/java-8-oracle/jre/lib/charsets.jar:/usr/lib/jvm/java-8-oracle/jre/lib/jfr.jar:/usr/lib/jvm/java-8-oracle/jre/classes:/home/pk/.ivy2/cache/org.scala-lang/scala-library/jars/scala-library-2.11.7.jar
	-classpath
	/home/pk/IdeaProjects/websocket-akka/target/scala-2.11/classes:/home/pk/.ivy2/cache/com.typesafe.akka/akka-stream_2.11/jars/akka-stream_2.11-2.4.2.jar:/home/pk/.ivy2/cache/com.typesafe.akka/akka-actor_2.11/jars/akka-actor_2.11-2.4.2.jar:/home/pk/.ivy2/cache/com.typesafe/config/bundles/config-1.3.0.jar:/home/pk/.ivy2/cache/org.scala-lang.modules/scala-java8-compat_2.11/bundles/scala-java8-compat_2.11-0.7.0.jar:/home/pk/.ivy2/cache/com.typesafe/ssl-config-akka_2.11/bundles/ssl-config-akka_2.11-0.1.3.jar:/home/pk/.ivy2/cache/com.typesafe/ssl-config-core_2.11/bundles/ssl-config-core_2.11-0.1.3.jar:/home/pk/.ivy2/cache/org.scala-lang.modules/scala-parser-combinators_2.11/bundles/scala-parser-combinators_2.11-1.0.4.jar:/home/pk/.ivy2/cache/org.reactivestreams/reactive-streams/jars/reactive-streams-1.0.0.jar:/home/pk/.ivy2/cache/com.typesafe.akka/akka-http-core-experimental_2.11/jars/akka-http-core-experimental_2.11-2.0.3.jar:/home/pk/.ivy2/cache/com.typesafe.akka/akka-parsing-experimental_2.11/jars/akka-parsing-experimental_2.11-2.0.3.jar:/home/pk/.ivy2/cache/com.typesafe.akka/akka-stream-experimental_2.11/jars/akka-stream-experimental_2.11-2.0.3.jar:/home/pk/.ivy2/cache/com.typesafe.akka/akka-http-experimental_2.11/jars/akka-http-experimental_2.11-2.4.2.jar:/home/pk/.ivy2/cache/com.typesafe.akka/akka-http-core_2.11/jars/akka-http-core_2.11-2.4.2.jar:/home/pk/.ivy2/cache/com.typesafe.akka/akka-parsing_2.11/jars/akka-parsing_2.11-2.4.2.jar:/home/pk/.ivy2/cache/com.typesafe.akka/akka-cluster_2.11/jars/akka-cluster_2.11-2.4.2.jar:/home/pk/.ivy2/cache/com.typesafe.akka/akka-remote_2.11/jars/akka-remote_2.11-2.4.2.jar:/home/pk/.ivy2/cache/com.typesafe.akka/akka-protobuf_2.11/jars/akka-protobuf_2.11-2.4.2.jar:/home/pk/.ivy2/cache/io.netty/netty/bundles/netty-3.10.3.Final.jar:/home/pk/.ivy2/cache/org.uncommons.maths/uncommons-maths/jars/uncommons-maths-1.2.2a.jar:/home/pk/.ivy2/cache/com.typesafe.akka/akka-cluster-tools_2.11/jars/akka-cluster-tools_2.11-2.4.2.jar
Read from stdout: /home/pk/IdeaProjects/websocket-akka/src/main/scala/com/oktafone/Boot.scala:61: not found: value ActorFlow
/home/pk/IdeaProjects/websocket-akka/src/main/scala/com/oktafone/Boot.scala:61: not found: value ActorFlow
Read from stdout: handleWebSocketMessages(ActorFlow)
      handleWebSocketMessages(ActorFlow)
Read from stdout: ^
                              ^
Read from stdout: one error found
one error found
Compilation failed (CompilerInterface)
Read from stdout: (compile:compileIncremental) Compilation failed
(compile:compileIncremental) Compilation failed
Total time: 1 s, completed Mar 13, 2016 8:25:34 PM
> server-post-command-error-handler
> server-post-command-cleanup
> server-handle-next-server-request
> {file:/home/pk/IdeaProjects/websocket-akka/}websocket-akka/compile:mainClass
Evaluating tasks: compile:mainClass
Running task... Cancel: sbt.server.ServerTaskCancellation@133b02fc, check cycles: false
Invalidating /home/pk/IdeaProjects/websocket-akka/target/scala-2.11/classes/com/oktafone/actors/LookupActor.class: stamp changed from lastModified(1457891903000) to lastModified(1457896377000)
Invalidating /home/pk/IdeaProjects/websocket-akka/target/scala-2.11/classes/com/oktafone/chat/ChatRooms.class: stamp changed from lastModified(1457891903000) to lastModified(1457896377000)
Invalidating /home/pk/.ivy2/cache/com.typesafe.akka/akka-http-core_2.11/jars/akka-http-core_2.11-2.4.2.jar: class akka.http.scaladsl.model.HttpResponse now provided by /home/pk/.ivy2/cache/com.typesafe.akka/akka-http-core-experimental_2.11/jars/akka-http-core-experimental_2.11-2.0.3.jar
Invalidating /home/pk/IdeaProjects/websocket-akka/target/scala-2.11/classes/com/oktafone/chat/ChatRoomActor.class: stamp changed from lastModified(1457891903000) to lastModified(1457896377000)
Invalidating /home/pk/IdeaProjects/websocket-akka/target/scala-2.11/classes/com/oktafone/actors/SimpleActor.class: stamp changed from lastModified(1457891903000) to lastModified(1457896377000)

Initial source changes: 
	removed:Set(/home/pk/IdeaProjects/websocket-akka/src/main/scala/Boot.scala)
	added: Set(/home/pk/IdeaProjects/websocket-akka/src/main/scala/com/oktafone/Boot.scala)
	modified: Set()
Removed products: Set(/home/pk/IdeaProjects/websocket-akka/target/scala-2.11/classes/com/oktafone/LocalServer$$anonfun$chat$1.class, /home/pk/IdeaProjects/websocket-akka/target/scala-2.11/classes/com/oktafone/actors/LookupActor.class, /home/pk/IdeaProjects/websocket-akka/target/scala-2.11/classes/com/oktafone/chat/ChatRoomActor$$anonfun$receive$1.class, /home/pk/IdeaProjects/websocket-akka/target/scala-2.11/classes/com/oktafone/messages/Messages$LookUp.class, /home/pk/IdeaProjects/websocket-akka/target/scala-2.11/classes/com/oktafone/messages/Messages$Found.class, /home/pk/IdeaProjects/websocket-akka/target/scala-2.11/classes/com/oktafone/chat/events/IncomingMessage.class, /home/pk/IdeaProjects/websocket-akka/target/scala-2.11/classes/com/oktafone/actors/LookupActor$$anonfun$identifying$1.class, /home/pk/IdeaProjects/websocket-akka/target/scala-2.11/classes/com/oktafone/RemoteServer$.class, /home/pk/IdeaProjects/websocket-akka/target/scala-2.11/classes/com/oktafone/LocalServer.class, /home/pk/IdeaProjects/websocket-akka/target/scala-2.11/classes/com/oktafone/actors/SimpleActor$$anonfun$receive$1.class, /home/pk/IdeaProjects/websocket-akka/target/scala-2.11/classes/com/oktafone/chat/ChatRooms.class, /home/pk/IdeaProjects/websocket-akka/target/scala-2.11/classes/com/oktafone/chat/events/ChatMessage.class, /home/pk/IdeaProjects/websocket-akka/target/scala-2.11/classes/com/oktafone/chat/events/SystemMessage$.class, /home/pk/IdeaProjects/websocket-akka/target/scala-2.11/classes/com/oktafone/chat/ChatRoomActor$$anonfun$broadcast$1.class, /home/pk/IdeaProjects/websocket-akka/target/scala-2.11/classes/com/oktafone/chat/ChatRoom$$anonfun$websocketFlow$1$$anonfun$apply$1.class, /home/pk/IdeaProjects/websocket-akka/target/scala-2.11/classes/com/oktafone/LocalServer$delayedInit$body.class, /home/pk/IdeaProjects/websocket-akka/target/scala-2.11/classes/com/oktafone/messages/Messages.class, /home/pk/IdeaProjects/websocket-akka/target/scala-2.11/classes/com/oktafone/chat/events/IncomingMessage$.class, /home/pk/IdeaProjects/websocket-akka/target/scala-2.11/classes/com/oktafone/RemoteServer$$anonfun$greetings$1.class, /home/pk/IdeaProjects/websocket-akka/target/scala-2.11/classes/com/oktafone/chat/ChatRooms$$anonfun$findOrCreate$1.class, /home/pk/IdeaProjects/websocket-akka/target/scala-2.11/classes/com/oktafone/chat/events/UserLeft$.class, /home/pk/IdeaProjects/websocket-akka/target/scala-2.11/classes/com/oktafone/LocalServer$$anonfun$3.class, /home/pk/IdeaProjects/websocket-akka/target/scala-2.11/classes/com/oktafone/messages/Messages$IsFound$.class, /home/pk/IdeaProjects/websocket-akka/target/scala-2.11/classes/com/oktafone/RemoteServer$$anonfun$greetings$1$$anonfun$apply$2.class, /home/pk/IdeaProjects/websocket-akka/target/scala-2.11/classes/com/oktafone/RemoteServer$$anonfun$createRoom$1$$anonfun$apply$4.class, /home/pk/IdeaProjects/websocket-akka/target/scala-2.11/classes/com/oktafone/chat/ChatRoom$$anonfun$websocketFlow$1$$anonfun$apply$1$$anonfun$1.class, /home/pk/IdeaProjects/websocket-akka/target/scala-2.11/classes/com/oktafone/messages/Messages$LookUp$.class, /home/pk/IdeaProjects/websocket-akka/target/scala-2.11/classes/com/oktafone/LocalServer$$anonfun$chat$1$$anonfun$apply$1.class, /home/pk/IdeaProjects/websocket-akka/target/scala-2.11/classes/com/oktafone/messages/Messages$Founder.class, /home/pk/IdeaProjects/websocket-akka/target/scala-2.11/classes/com/oktafone/RemoteServer$$anonfun$greetings$1$$anonfun$apply$2$$anonfun$apply$3.class, /home/pk/IdeaProjects/websocket-akka/target/scala-2.11/classes/com/oktafone/RemoteServer$$anonfun$chatRemote$1.class, /home/pk/IdeaProjects/websocket-akka/target/scala-2.11/classes/com/oktafone/chat/ChatRoom$.class, /home/pk/IdeaProjects/websocket-akka/target/scala-2.11/classes/com/oktafone/RemoteServer$$anonfun$chatRemote$1$$anonfun$apply$5.class, /home/pk/IdeaProjects/websocket-akka/target/scala-2.11/classes/com/oktafone/chat/ChatRooms$$anonfun$createRemote$1.class, /home/pk/IdeaProjects/websocket-akka/target/scala-2.11/classes/com/oktafone/LocalServer$$anonfun$2.class, /home/pk/IdeaProjects/websocket-akka/target/scala-2.11/classes/com/oktafone/chat/events/UserJoined$.class, /home/pk/IdeaProjects/websocket-akka/target/scala-2.11/classes/com/oktafone/chat/ChatRoom$$anonfun$websocketFlow$1.class, /home/pk/IdeaProjects/websocket-akka/target/scala-2.11/classes/com/oktafone/chat/events/ChatEvent.class, /home/pk/IdeaProjects/websocket-akka/target/scala-2.11/classes/com/oktafone/actors/LookupActor$$anonfun$active$1.class, /home/pk/IdeaProjects/websocket-akka/target/scala-2.11/classes/com/oktafone/messages/Messages$Found$.class, /home/pk/IdeaProjects/websocket-akka/target/scala-2.11/classes/com/oktafone/chat/ChatRoom$$anonfun$websocketFlow$1$$anonfun$apply$1$$anonfun$3.class, /home/pk/IdeaProjects/websocket-akka/target/scala-2.11/classes/com/oktafone/LocalServer$$anonfun$1.class, /home/pk/IdeaProjects/websocket-akka/target/scala-2.11/classes/com/oktafone/chat/events/UserJoined.class, /home/pk/IdeaProjects/websocket-akka/target/scala-2.11/classes/com/oktafone/LocalServer$.class, /home/pk/IdeaProjects/websocket-akka/target/scala-2.11/classes/com/oktafone/LocalServer$$anonfun$greetings$1$$anonfun$apply$2.class, /home/pk/IdeaProjects/websocket-akka/target/scala-2.11/classes/com/oktafone/chat/events/ChatMessage$.class, /home/pk/IdeaProjects/websocket-akka/target/scala-2.11/classes/com/oktafone/RemoteServer$$anonfun$chat$1.class, /home/pk/IdeaProjects/websocket-akka/target/scala-2.11/classes/com/oktafone/chat/ChatRoom.class, /home/pk/IdeaProjects/websocket-akka/target/scala-2.11/classes/com/oktafone/LocalServer$$anonfun$chatRemote$1.class, /home/pk/IdeaProjects/websocket-akka/target/scala-2.11/classes/com/oktafone/RemoteServer$$anonfun$2.class, /home/pk/IdeaProjects/websocket-akka/target/scala-2.11/classes/com/oktafone/messages/Messages$NotFound$.class, /home/pk/IdeaProjects/websocket-akka/target/scala-2.11/classes/com/oktafone/LocalServer$$anonfun$chatRemote$1$$anonfun$apply$4.class, /home/pk/IdeaProjects/websocket-akka/target/scala-2.11/classes/com/oktafone/LocalServer$$anonfun$greetings$1$$anonfun$apply$2$$anonfun$apply$3.class, /home/pk/IdeaProjects/websocket-akka/target/scala-2.11/classes/com/oktafone/chat/events/SystemMessage.class, /home/pk/IdeaProjects/websocket-akka/target/scala-2.11/classes/com/oktafone/messages/Messages$Result.class, /home/pk/IdeaProjects/websocket-akka/target/scala-2.11/classes/com/oktafone/chat/ChatRoomActor.class, /home/pk/IdeaProjects/websocket-akka/target/scala-2.11/classes/com/oktafone/RemoteServer$$anonfun$createRoom$1.class, /home/pk/IdeaProjects/websocket-akka/target/scala-2.11/classes/com/oktafone/messages/Messages$.class, /home/pk/IdeaProjects/websocket-akka/target/scala-2.11/classes/com/oktafone/chat/ChatRoom$$anonfun$websocketFlow$1$$anonfun$apply$1$$anonfun$2.class, /home/pk/IdeaProjects/websocket-akka/target/scala-2.11/classes/com/oktafone/LocalServer$$anonfun$greetings$1.class, /home/pk/IdeaProjects/websocket-akka/target/scala-2.11/classes/com/oktafone/messages/Messages$Founder$.class, /home/pk/IdeaProjects/websocket-akka/target/scala-2.11/classes/com/oktafone/RemoteServer.class, /home/pk/IdeaProjects/websocket-akka/target/scala-2.11/classes/com/oktafone/RemoteServer$delayedInit$body.class, /home/pk/IdeaProjects/websocket-akka/target/scala-2.11/classes/com/oktafone/actors/SimpleActor.class, /home/pk/IdeaProjects/websocket-akka/target/scala-2.11/classes/com/oktafone/RemoteServer$$anonfun$1.class, /home/pk/IdeaProjects/websocket-akka/target/scala-2.11/classes/com/oktafone/chat/events/UserLeft.class, /home/pk/IdeaProjects/websocket-akka/target/scala-2.11/classes/com/oktafone/RemoteServer$$anonfun$chat$1$$anonfun$apply$1.class, /home/pk/IdeaProjects/websocket-akka/target/scala-2.11/classes/com/oktafone/chat/ChatRooms$.class)
External API changes: API Changes: Set()
Modified binary dependencies: Set(/home/pk/IdeaProjects/websocket-akka/target/scala-2.11/classes/com/oktafone/actors/LookupActor.class, /home/pk/IdeaProjects/websocket-akka/target/scala-2.11/classes/com/oktafone/chat/ChatRooms.class, /home/pk/.ivy2/cache/com.typesafe.akka/akka-http-core_2.11/jars/akka-http-core_2.11-2.4.2.jar, /home/pk/IdeaProjects/websocket-akka/target/scala-2.11/classes/com/oktafone/chat/ChatRoomActor.class, /home/pk/IdeaProjects/websocket-akka/target/scala-2.11/classes/com/oktafone/actors/SimpleActor.class)
Initial directly invalidated sources: Set(/home/pk/IdeaProjects/websocket-akka/src/main/scala/Boot.scala, /home/pk/IdeaProjects/websocket-akka/src/main/scala/com/oktafone/Boot.scala)

Sources indirectly invalidated by:
	product: Set(/home/pk/IdeaProjects/websocket-akka/src/main/scala/com/oktafone/RemoteServer.scala, /home/pk/IdeaProjects/websocket-akka/src/main/scala/com/oktafone/actors/LookupActor.scala, /home/pk/IdeaProjects/websocket-akka/src/main/scala/com/oktafone/chat/ChatRooms.scala, /home/pk/IdeaProjects/websocket-akka/src/main/scala/com/oktafone/chat/events/ChatEvent.scala, /home/pk/IdeaProjects/websocket-akka/src/main/scala/com/oktafone/actors/SimpleActor.scala, /home/pk/IdeaProjects/websocket-akka/src/main/scala/com/oktafone/LocalServer.scala, /home/pk/IdeaProjects/websocket-akka/src/main/scala/com/oktafone/messages/Messages.scala, /home/pk/IdeaProjects/websocket-akka/src/main/scala/com/oktafone/chat/ChatRoomActor.scala, /home/pk/IdeaProjects/websocket-akka/src/main/scala/com/oktafone/chat/ChatRoom.scala)
	binary dep: Set(/home/pk/IdeaProjects/websocket-akka/src/main/scala/com/oktafone/RemoteServer.scala, /home/pk/IdeaProjects/websocket-akka/src/main/scala/Boot.scala, /home/pk/IdeaProjects/websocket-akka/src/main/scala/com/oktafone/chat/ChatRooms.scala, /home/pk/IdeaProjects/websocket-akka/src/main/scala/com/oktafone/actors/Actors.scala, /home/pk/IdeaProjects/websocket-akka/src/main/scala/com/oktafone/LocalServer.scala, /home/pk/IdeaProjects/websocket-akka/src/main/scala/com/oktafone/chat/ChatRoom.scala)
	external source: Set()
All initially invalidated sources: Set(/home/pk/IdeaProjects/websocket-akka/src/main/scala/com/oktafone/RemoteServer.scala, /home/pk/IdeaProjects/websocket-akka/src/main/scala/Boot.scala, /home/pk/IdeaProjects/websocket-akka/src/main/scala/com/oktafone/actors/LookupActor.scala, /home/pk/IdeaProjects/websocket-akka/src/main/scala/com/oktafone/chat/ChatRooms.scala, /home/pk/IdeaProjects/websocket-akka/src/main/scala/com/oktafone/chat/events/ChatEvent.scala, /home/pk/IdeaProjects/websocket-akka/src/main/scala/com/oktafone/actors/SimpleActor.scala, /home/pk/IdeaProjects/websocket-akka/src/main/scala/com/oktafone/actors/Actors.scala, /home/pk/IdeaProjects/websocket-akka/src/main/scala/com/oktafone/LocalServer.scala, /home/pk/IdeaProjects/websocket-akka/src/main/scala/com/oktafone/messages/Messages.scala, /home/pk/IdeaProjects/websocket-akka/src/main/scala/com/oktafone/chat/ChatRoomActor.scala, /home/pk/IdeaProjects/websocket-akka/src/main/scala/com/oktafone/Boot.scala, /home/pk/IdeaProjects/websocket-akka/src/main/scala/com/oktafone/chat/ChatRoom.scala)

Recompiling all 11 sources: invalidated sources (12) exceeded 50.0% of all sources
Read from stdout: Compiling 11 Scala sources to /home/pk/IdeaProjects/websocket-akka/target/scala-2.11/classes...
Compiling 11 Scala sources to /home/pk/IdeaProjects/websocket-akka/target/scala-2.11/classes...
Getting compiler-interface from component compiler for Scala 2.11.7
Other repositories:
Default repositories:
Getting compiler-interface from component compiler for Scala 2.11.7
Other repositories:
Default repositories:
Running cached compiler 1e59682, interfacing (CompilerInterface) with Scala compiler version 2.11.7
Calling Scala compiler with arguments  (CompilerInterface):
	-bootclasspath
	/usr/lib/jvm/java-8-oracle/jre/lib/resources.jar:/usr/lib/jvm/java-8-oracle/jre/lib/rt.jar:/usr/lib/jvm/java-8-oracle/jre/lib/sunrsasign.jar:/usr/lib/jvm/java-8-oracle/jre/lib/jsse.jar:/usr/lib/jvm/java-8-oracle/jre/lib/jce.jar:/usr/lib/jvm/java-8-oracle/jre/lib/charsets.jar:/usr/lib/jvm/java-8-oracle/jre/lib/jfr.jar:/usr/lib/jvm/java-8-oracle/jre/classes:/home/pk/.ivy2/cache/org.scala-lang/scala-library/jars/scala-library-2.11.7.jar
	-classpath
	/home/pk/IdeaProjects/websocket-akka/target/scala-2.11/classes:/home/pk/.ivy2/cache/com.typesafe.akka/akka-stream_2.11/jars/akka-stream_2.11-2.4.2.jar:/home/pk/.ivy2/cache/com.typesafe.akka/akka-actor_2.11/jars/akka-actor_2.11-2.4.2.jar:/home/pk/.ivy2/cache/com.typesafe/config/bundles/config-1.3.0.jar:/home/pk/.ivy2/cache/org.scala-lang.modules/scala-java8-compat_2.11/bundles/scala-java8-compat_2.11-0.7.0.jar:/home/pk/.ivy2/cache/com.typesafe/ssl-config-akka_2.11/bundles/ssl-config-akka_2.11-0.1.3.jar:/home/pk/.ivy2/cache/com.typesafe/ssl-config-core_2.11/bundles/ssl-config-core_2.11-0.1.3.jar:/home/pk/.ivy2/cache/org.scala-lang.modules/scala-parser-combinators_2.11/bundles/scala-parser-combinators_2.11-1.0.4.jar:/home/pk/.ivy2/cache/org.reactivestreams/reactive-streams/jars/reactive-streams-1.0.0.jar:/home/pk/.ivy2/cache/com.typesafe.akka/akka-http-core-experimental_2.11/jars/akka-http-core-experimental_2.11-2.0.3.jar:/home/pk/.ivy2/cache/com.typesafe.akka/akka-parsing-experimental_2.11/jars/akka-parsing-experimental_2.11-2.0.3.jar:/home/pk/.ivy2/cache/com.typesafe.akka/akka-stream-experimental_2.11/jars/akka-stream-experimental_2.11-2.0.3.jar:/home/pk/.ivy2/cache/com.typesafe.akka/akka-http-experimental_2.11/jars/akka-http-experimental_2.11-2.4.2.jar:/home/pk/.ivy2/cache/com.typesafe.akka/akka-http-core_2.11/jars/akka-http-core_2.11-2.4.2.jar:/home/pk/.ivy2/cache/com.typesafe.akka/akka-parsing_2.11/jars/akka-parsing_2.11-2.4.2.jar:/home/pk/.ivy2/cache/com.typesafe.akka/akka-cluster_2.11/jars/akka-cluster_2.11-2.4.2.jar:/home/pk/.ivy2/cache/com.typesafe.akka/akka-remote_2.11/jars/akka-remote_2.11-2.4.2.jar:/home/pk/.ivy2/cache/com.typesafe.akka/akka-protobuf_2.11/jars/akka-protobuf_2.11-2.4.2.jar:/home/pk/.ivy2/cache/io.netty/netty/bundles/netty-3.10.3.Final.jar:/home/pk/.ivy2/cache/org.uncommons.maths/uncommons-maths/jars/uncommons-maths-1.2.2a.jar:/home/pk/.ivy2/cache/com.typesafe.akka/akka-cluster-tools_2.11/jars/akka-cluster-tools_2.11-2.4.2.jar
Read from stdout: /home/pk/IdeaProjects/websocket-akka/src/main/scala/com/oktafone/Boot.scala:61: not found: value ActorFlow
/home/pk/IdeaProjects/websocket-akka/src/main/scala/com/oktafone/Boot.scala:61: not found: value ActorFlow
Read from stdout: handleWebSocketMessages(ActorFlow)
      handleWebSocketMessages(ActorFlow)
Read from stdout: ^
                              ^
Read from stdout: one error found
one error found
Compilation failed (CompilerInterface)
Read from stdout: (compile:compileIncremental) Compilation failed
(compile:compileIncremental) Compilation failed
Total time: 1 s, completed Mar 13, 2016 8:25:35 PM
> server-post-command-error-handler
> server-post-command-cleanup
> server-handle-next-server-request
